<?xml version="1.0" encoding="UTF-8"?><TestSessionContainer xmlns="http://www.codecover.org/xml/testsession-container" Date="1430412361582" TestSessionContainerId="f0c93d7f-8daa-40be-97d2-5414267c9c3a" version="1.0">
<SrcFileList>
<SrcFile Content="package game;&#13;&#10;import java.awt.Image;&#13;&#10;&#13;&#10;public class Piece {&#13;&#10;&#9;private PieceType type;&#13;&#10;&#9;private Image image;&#13;&#10;&#9;private Owner owner;&#13;&#10;&#9;private int rank;&#13;&#10;&#9;&#13;&#10;&#9;public enum Owner{&#13;&#10;&#9;&#9;Player1, Player2&#13;&#10;&#9;}&#13;&#10;&#9;&#13;&#10;&#9;public enum PieceType{&#13;&#10;&#9;&#9;Elephant, Camel, Horse, Dog, Cat, Rabbit&#13;&#10;&#9;}&#13;&#10;&#9;&#13;&#10;&#9;public Piece(char c){&#13;&#10;&#9;&#9;switch(c){&#13;&#10;&#9;&#9;case 'E':&#13;&#10;&#9;&#9;&#9;this.type=PieceType.Elephant;&#13;&#10;&#9;&#9;&#9;this.owner=Owner.Player1;&#13;&#10;&#9;&#9;&#9;this.rank = 5;&#13;&#10;&#9;&#9;&#9;break;&#13;&#10;&#9;&#9;case 'C':&#13;&#10;&#9;&#9;&#9;this.type=PieceType.Camel;&#13;&#10;&#9;&#9;&#9;this.owner=Owner.Player1;&#13;&#10;&#9;&#9;&#9;this.rank = 4;&#13;&#10;&#9;&#9;&#9;break;&#13;&#10;&#9;&#9;case 'H':&#13;&#10;&#9;&#9;&#9;this.type=PieceType.Horse;&#13;&#10;&#9;&#9;&#9;this.owner=Owner.Player1;&#13;&#10;&#9;&#9;&#9;this.rank = 3;&#13;&#10;&#9;&#9;&#9;break;&#13;&#10;&#9;&#9;case 'D':&#13;&#10;&#9;&#9;&#9;this.type=PieceType.Dog;&#13;&#10;&#9;&#9;&#9;this.owner=Owner.Player1;&#13;&#10;&#9;&#9;&#9;this.rank = 2;&#13;&#10;&#9;&#9;&#9;break;&#13;&#10;&#9;&#9;case 'K':&#13;&#10;&#9;&#9;&#9;this.type=PieceType.Cat;&#13;&#10;&#9;&#9;&#9;this.owner=Owner.Player1;&#13;&#10;&#9;&#9;&#9;this.rank = 1;&#13;&#10;&#9;&#9;&#9;break;&#13;&#10;&#9;&#9;case 'R':&#13;&#10;&#9;&#9;&#9;this.type=PieceType.Rabbit;&#13;&#10;&#9;&#9;&#9;this.owner=Owner.Player1;&#13;&#10;&#9;&#9;&#9;this.rank = 0;&#13;&#10;&#9;&#9;&#9;break;&#13;&#10;&#9;&#9;case 'e':&#13;&#10;&#9;&#9;&#9;this.type=PieceType.Elephant;&#13;&#10;&#9;&#9;&#9;this.owner=Owner.Player2;&#13;&#10;&#9;&#9;&#9;this.rank = 5;&#13;&#10;&#9;&#9;&#9;break;&#13;&#10;&#9;&#9;case 'c':&#13;&#10;&#9;&#9;&#9;this.type=PieceType.Camel;&#13;&#10;&#9;&#9;&#9;this.owner=Owner.Player2;&#13;&#10;&#9;&#9;&#9;this.rank = 4;&#13;&#10;&#9;&#9;&#9;break;&#13;&#10;&#9;&#9;case 'h':&#13;&#10;&#9;&#9;&#9;this.type=PieceType.Horse;&#13;&#10;&#9;&#9;&#9;this.owner=Owner.Player2;&#13;&#10;&#9;&#9;&#9;this.rank = 3;&#13;&#10;&#9;&#9;&#9;break;&#13;&#10;&#9;&#9;case 'd':&#13;&#10;&#9;&#9;&#9;this.type=PieceType.Dog;&#13;&#10;&#9;&#9;&#9;this.owner=Owner.Player2;&#13;&#10;&#9;&#9;&#9;this.rank = 2;&#13;&#10;&#9;&#9;&#9;break;&#13;&#10;&#9;&#9;case 'k':&#13;&#10;&#9;&#9;&#9;this.type=PieceType.Cat;&#13;&#10;&#9;&#9;&#9;this.owner=Owner.Player2;&#13;&#10;&#9;&#9;&#9;this.rank = 1;&#13;&#10;&#9;&#9;&#9;break;&#13;&#10;&#9;&#9;case 'r':&#13;&#10;&#9;&#9;&#9;this.type=PieceType.Rabbit;&#13;&#10;&#9;&#9;&#9;this.owner=Owner.Player2;&#13;&#10;&#9;&#9;&#9;this.rank = 0;&#13;&#10;&#9;&#9;&#9;break;&#13;&#10;&#9;&#9;default:&#13;&#10;&#9;&#9;&#9;System.out.println(&quot;Invalid character used in Piece constructor!&quot;);&#13;&#10;&#9;&#9;}&#13;&#10;&#9;}&#13;&#10;&#9;&#13;&#10;&#9;public Piece(PieceType t, Image i, Owner o){&#13;&#10;&#9;&#9;this.type = t;&#13;&#10;&#9;&#9;this.image = i;&#13;&#10;&#9;&#9;this.owner = o;&#13;&#10;&#9;}&#13;&#10;&#13;&#10;&#9;public PieceType getType() {&#13;&#10;&#9;&#9;return this.type;&#13;&#10;&#9;}&#13;&#10;&#13;&#10;&#9;public void setType(PieceType type) {&#13;&#10;&#9;&#9;this.type = type; &#13;&#10;&#9;}&#13;&#10;&#13;&#10;&#9;public Image getImage() {&#13;&#10;&#9;&#9;return this.image;&#13;&#10;&#9;}&#13;&#10;&#13;&#10;&#9;public void setImg(Image img) {&#13;&#10;&#9;&#9;this.image = img;&#13;&#10;&#9;}&#13;&#10;&#13;&#10;&#9;public Owner getOwner() {&#13;&#10;&#9;&#9;return this.owner;&#13;&#10;&#9;}&#13;&#10;&#13;&#10;&#9;public void setOwner(Owner owner) {&#13;&#10;&#9;&#9;this.owner = owner;&#13;&#10;&#9;}&#13;&#10;&#9;&#13;&#10;&#9;public int getRank(){&#13;&#10;&#9;&#9;return this.rank;&#13;&#10;&#9;}&#13;&#10;&#9;&#13;&#10;&#9;public void setRank(int rank){&#13;&#10;&#9;&#9;this.rank = rank;&#13;&#10;&#9;}&#13;&#10;&#9;&#13;&#10;&#9;public boolean equals(Object p2){&#13;&#10;&#9;&#9;if((p2 instanceof Piece)){&#13;&#10;&#9;&#9;&#9;if(((Piece) p2).getType()==this.getType() &amp;&amp; (((Piece) p2).getOwner()==this.getOwner())){&#13;&#10;&#9;&#9;&#9;&#9;return true;&#13;&#10;&#9;&#9;&#9;}&#13;&#10;&#9;&#9;}&#13;&#10;&#9;&#9;return false;&#13;&#10;&#9;&#9;&#13;&#10;&#9;}&#13;&#10;&#9;&#13;&#10;&#9;public boolean isStrongerThan(Piece p2){&#13;&#10;&#9;&#9;return (this.getRank() &gt; p2.getRank());&#13;&#10;&#9;}&#13;&#10;}&#13;&#10;" Filename="Piece.java" Intrnl_Id="1"/>
<SrcFile Content="package game;&#13;&#10;import java.util.ArrayList;&#13;&#10;import java.util.Arrays;&#13;&#10;&#13;&#10;&#13;&#10;public class Game {&#13;&#10;&#9;//fields&#13;&#10;&#9;ArrayList&lt;BoardState&gt; boards= new ArrayList&lt;BoardState&gt;();&#13;&#10;&#9;public BoardState currentBoard=null;&#13;&#10;&#9;int numMovesLeft =0;&#13;&#10;&#9;int moveTimer =0;&#13;&#10;&#9;int p1TimeBank=0;&#13;&#10;&#9;int p2TimeBank =0;&#13;&#10;&#9;&#13;&#10;&#9;public Game(BoardState b) {&#13;&#10;&#9;&#9;currentBoard = b;&#13;&#10;&#9;}&#13;&#10;&#9;/**&#13;&#10;&#9; * Creates a board with a default starting layout&#13;&#10;&#9; */&#13;&#10;&#9;public Game(){&#13;&#10;&#9;&#9;currentBoard=new BoardState(new char[][]{&#13;&#10;&#9;&#9;&#9;&#9;{'K','D','H','C','E','H','D','K'},&#13;&#10;&#9;&#9;&#9;&#9;{'R','R','R','R','R','R','R','R'},&#13;&#10;&#9;&#9;&#9;&#9;{' ',' ',' ',' ',' ',' ',' ',' '},&#13;&#10;&#9;&#9;&#9;&#9;{' ',' ',' ',' ',' ',' ',' ',' '},&#13;&#10;&#9;&#9;&#9;&#9;{' ',' ',' ',' ',' ',' ',' ',' '},&#13;&#10;&#9;&#9;&#9;&#9;{' ',' ',' ',' ',' ',' ',' ',' '},&#13;&#10;&#9;&#9;&#9;&#9;{'r','r','r','r','r','r','r','r'},&#13;&#10;&#9;&#9;&#9;&#9;{'k','d','h','c','e','h','d','k'},&#13;&#10;&#9;&#9;},0);&#13;&#10;&#9;}&#13;&#10;&#13;&#10;&#9;/**&#13;&#10;&#9; * &#13;&#10;&#9; * @param x&#13;&#10;&#9; * @param y&#13;&#10;&#9; * @return&#13;&#10;&#9; */&#13;&#10;&#9;public Piece getSpace(int row, int column){&#13;&#10;&#9;&#9;if(currentBoard.getBoardArray()[row][column]==' ')&#13;&#10;&#9;&#9;&#9;return null;&#13;&#10;&#9;&#9;return new Piece(currentBoard.getBoardArray()[row][column]);&#13;&#10;&#9;&#9;&#13;&#10;&#9;}&#13;&#10;&#9;/**&#13;&#10;&#9; * &#13;&#10;&#9; * @param row&#13;&#10;&#9; * @param column&#13;&#10;&#9; * @param dir 0: up, 1: right, 2: down, 3: left&#13;&#10;&#9; * @return&#13;&#10;&#9; */&#13;&#10;&#9;public boolean move(int row, int column, int dir){&#13;&#10;&#9;&#9;boards.add(currentBoard);&#13;&#10;&#9;&#9;currentBoard=currentBoard.clone();&#13;&#10;&#9;&#9;switch(dir){&#13;&#10;&#9;&#9;case 0:&#13;&#10;&#9;&#9;&#9;//Moving UP&#13;&#10;&#9;&#9;&#9;if (row - 1 &gt;= 0 &amp;&amp; currentBoard.getBoardArray()[row-1][column] == ' ') {&#13;&#10;&#9;&#9;&#9;&#9;switchPiece(row, column, row-1, column);&#13;&#10;&#9;&#9;&#9;&#9;return true;&#13;&#10;&#9;&#9;&#9;}&#13;&#10;&#9;&#9;&#9;return false;&#13;&#10;&#9;&#9;case 1:&#13;&#10;&#9;&#9;&#9;//Moving RIGHT&#13;&#10;&#9;&#9;&#9;if (column + 1 &lt;= 7 &amp;&amp; currentBoard.getBoardArray()[row][column+1] == ' ') {&#13;&#10;&#9;&#9;&#9;&#9;switchPiece(row, column, row, column+1);&#13;&#10;&#9;&#9;&#9;&#9;return true;&#13;&#10;&#9;&#9;&#9;}&#13;&#10;&#9;&#9;&#9;return false;&#13;&#10;&#9;&#9;case 2:&#13;&#10;&#9;&#9;&#9;//Moving DOWN&#13;&#10;&#9;&#9;&#9;if (row + 1 &lt;= 7 &amp;&amp; currentBoard.getBoardArray()[row+1][column] == ' ') {&#13;&#10;&#9;&#9;&#9;&#9;switchPiece(row, column, row + 1, column);&#13;&#10;&#9;&#9;&#9;&#9;return true;&#13;&#10;&#9;&#9;&#9;}&#13;&#10;&#9;&#9;&#9;return false;&#13;&#10;&#9;&#9;case 3:&#13;&#10;&#9;&#9;&#9;//Moving LEFT&#13;&#10;&#9;&#9;&#9;if (column - 1 &gt;= 0 &amp;&amp; currentBoard.getBoardArray()[row][column-1] == ' ') {&#13;&#10;&#9;&#9;&#9;&#9;switchPiece(row, column, row, column - 1);&#13;&#10;&#9;&#9;&#9;&#9;return true;&#13;&#10;&#9;&#9;&#9;}&#13;&#10;&#9;&#9;&#9;return false;&#13;&#10;&#9;&#9;default:&#13;&#10;&#9;&#9;&#9;return false;&#13;&#10;&#9;&#9;}&#13;&#10;&#9;}&#13;&#10;&#9;//helper for move&#13;&#10;&#9;private void switchPiece(int row1, int column1, int row2, int column2) {&#13;&#10;&#9;&#9;//System.out.println(x+&quot; &quot;+ y+&quot;  &quot;+x2+&quot; &quot;+y2);&#13;&#10;&#9;&#9;char[][] boardArray = currentBoard.getBoardArray();&#13;&#10;//&#9;&#9;System.out.println(Arrays.deepToString(boardArray));&#13;&#10;&#9;&#9;char temp = boardArray[row1][column1];&#13;&#10;&#9;&#9;//System.out.println(temp+&quot; &quot;&#9;+boardArray[y][x]+&quot; &quot;+boardArray[y2][x2]);&#13;&#10;&#9;&#9;boardArray[row1][column1]=boardArray[row2][column2];&#13;&#10;&#9;&#9;boardArray[row2][column2]=temp;&#13;&#10;&#13;&#10;//&#9;&#9;System.out.println(Arrays.deepToString(boardArray));&#13;&#10;&#9;&#9;//System.out.println(&quot;SWITCH &quot;+temp+&quot; &quot;&#9;+boardArray[x][y]+&quot; &quot;+boardArray[x2][y2]);&#13;&#10;&#9;&#9;currentBoard.setBoardArray(boardArray);&#13;&#10;&#9;}&#13;&#10;&#9;/**&#13;&#10;&#9; * 0: up, 1: right, 2: down, 3: left&#13;&#10;&#9; * @param row&#13;&#10;&#9; * @param column&#13;&#10;&#9; * @param dir1 the direction the pushing piece will move&#13;&#10;&#9; * @param dir2 the direction the pushed piece will move&#13;&#10;&#9; * @return&#13;&#10;&#9; */&#13;&#10;&#9;public boolean push(int row, int column, int dir1, int dir2){&#13;&#10;&#9;&#9;//System.out.println(Arrays.deepToString(this.currentBoard.getBoardArray()));&#13;&#10;&#9;&#9;if (getSpace(row, column) == null){&#13;&#10;&#9;&#9;&#9;return false; // trying to push with an empty square&#13;&#10;&#9;&#9;}&#13;&#10;&#9;&#9;switch (dir1) {&#13;&#10;&#9;&#9;case 0:&#13;&#10;//&#9;&#9;&#9; System.out.println(&quot;Case 0&quot;);&#13;&#10;&#9;&#9;&#9;if (move(row - 1, column, dir2)) {&#13;&#10;&#9;&#9;&#9;&#9;// System.out.println(&quot;(&quot;+row+&quot;,&quot;+y+&quot;) trying move &quot;+dir2);&#13;&#10;&#9;&#9;&#9;&#9;// should always be true&#13;&#10;&#9;&#9;&#9;&#9;boolean move = move(row, column, dir1);&#13;&#10;&#9;&#9;&#9;&#9;// System.out.println(move);&#13;&#10;&#9;&#9;&#9;&#9;// System.out.println(Arrays.deepToString(this.currentBoard.getBoardArray()));&#13;&#10;&#9;&#9;&#9;&#9;return move;&#13;&#10;&#9;&#9;&#9;}&#13;&#10;&#9;&#9;&#9;break;&#13;&#10;&#9;&#9;case 1:&#13;&#10;//&#9;&#9;&#9; System.out.println(&quot;Case 1&quot;);&#13;&#10;&#9;&#9;&#9;if (move(row, column + 1, dir2)) {&#13;&#10;&#9;&#9;&#9;&#9;// System.out.println(&quot;(&quot;+row+&quot;,&quot;+y+&quot;trying move &quot;+dir2);&#13;&#10;&#9;&#9;&#9;&#9;// should always be true&#13;&#10;&#9;&#9;&#9;&#9;boolean move = move(row, column, dir1);&#13;&#10;&#9;&#9;&#9;&#9;// System.out.println(move);&#13;&#10;&#9;&#9;&#9;&#9;return move;&#13;&#10;&#9;&#9;&#9;}&#13;&#10;&#9;&#9;&#9;break;&#13;&#10;&#9;&#9;case 2:&#13;&#10;//&#9;&#9;&#9;System.out.println(&quot;Case 2&quot;);&#13;&#10;&#9;&#9;&#9;if (move(row + 1, column, dir2)) {&#13;&#10;&#9;&#9;&#9;&#9;// System.out.println(&quot;(&quot;+row+&quot;,&quot;+column+&quot;trying move &quot;+dir2);&#13;&#10;&#9;&#9;&#9;&#9;// should always be true&#13;&#10;&#9;&#9;&#9;&#9;boolean move = move(row, column, dir1);&#13;&#10;&#9;&#9;&#9;&#9;// System.out.println(move);&#13;&#10;&#9;&#9;&#9;&#9;return move;&#13;&#10;&#9;&#9;&#9;}&#13;&#10;&#9;&#9;&#9;break;&#13;&#10;&#9;&#9;case 3:&#13;&#10;//&#9;&#9;&#9; System.out.println(&quot;Case 3&quot;);&#13;&#10;&#9;&#9;&#9;if (move(row, column - 1, dir2)) {&#13;&#10;&#9;&#9;&#9;&#9;// System.out.println(&quot;(&quot;+row+&quot;,&quot;+column+&quot;) trying move &quot;+dir2);&#13;&#10;&#9;&#9;&#9;&#9;// should always be true&#13;&#10;&#9;&#9;&#9;&#9;boolean move = move(row, column, dir1);&#13;&#10;&#9;&#9;&#9;&#9;// System.out.println(move);&#13;&#10;&#9;&#9;&#9;&#9;return move;&#13;&#10;&#9;&#9;&#9;}&#13;&#10;&#9;&#9;&#9;break;&#13;&#10;&#9;&#9;}&#13;&#10;&#9;&#9;return false;&#13;&#10;&#9;}&#13;&#10;&#9;&#13;&#10;&#9;/**&#13;&#10;&#9; * 0: up, 1: right, 2: down, 3: left&#13;&#10;&#9; * @param row: row that contains the pulling piece&#13;&#10;&#9; * @param column: column that contains the pulling piece&#13;&#10;&#9; * @param direction: direction the pulling piece will move&#13;&#10;&#9; * @return True if pull succeeds, False if it fails&#13;&#10;&#9; */&#13;&#10;&#9;//Still need to test piece strength comparison&#13;&#10;&#9;public boolean pull(int row, int column, int direction){&#13;&#10;&#9;&#9;//There's no piece here to pull with, nimrod&#13;&#10;&#9;&#9;if(getSpace(row, column)==null) return false;&#13;&#10;&#9;&#9;&#13;&#10;&#9;&#9;//Congratulations, you selected a valid piece!&#13;&#10;&#9;&#9;switch(direction){&#13;&#10;&#9;&#9;case 0:&#13;&#10;&#9;&#9;&#9;if (getSpace(row+1, column)!=null &amp;&amp; getSpace(row, column).getOwner() != getSpace(row+1, column).getOwner() &amp;&amp; move(row, column, direction)) {&#13;&#10;&#9;&#9;&#9;&#9;move(row + 1, column, direction);&#13;&#10;&#9;&#9;&#9;&#9;return true;&#13;&#10;&#9;&#9;&#9;}&#13;&#10;&#9;&#9;&#9;break;&#13;&#10;&#9;&#9;case 1:&#13;&#10;&#9;&#9;&#9;if (getSpace(row, column-1)!=null &amp;&amp; getSpace(row, column).getOwner() != getSpace(row, column-1).getOwner() &amp;&amp; move(row, column, direction)) {&#13;&#10;&#9;&#9;&#9;&#9;move(row, column - 1, direction);&#13;&#10;&#9;&#9;&#9;&#9;return true;&#13;&#10;&#9;&#9;&#9;}&#13;&#10;&#9;&#9;&#9;break;&#13;&#10;&#9;&#9;case 2:&#13;&#10;&#9;&#9;&#9;if(getSpace(row-1, column)!=null &amp;&amp; getSpace(row, column).getOwner() != getSpace(row-1, column).getOwner() &amp;&amp; move(row, column, direction)){&#13;&#10;&#9;&#9;&#9;&#9;move(row - 1, column, direction);&#13;&#10;&#9;&#9;&#9;&#9;return true;&#13;&#10;&#9;&#9;&#9;}&#13;&#10;&#9;&#9;&#9;break;&#13;&#10;&#9;&#9;case 3:&#13;&#10;&#9;&#9;&#9;if (getSpace(row, column+1)!=null &amp;&amp; getSpace(row, column).getOwner() != getSpace(row, column+1).getOwner() &amp;&amp; move(row, column, direction)) {&#13;&#10;&#9;&#9;&#9;&#9;move(row, column + 1, direction);&#13;&#10;&#9;&#9;&#9;&#9;return true;&#13;&#10;&#9;&#9;&#9;}&#13;&#10;&#9;&#9;&#9;break;&#13;&#10;&#9;&#9;}&#13;&#10;&#9;&#9;return false;&#13;&#10;&#9;}&#13;&#10;}&#13;&#10;" Filename="Game.java" Intrnl_Id="2"/>
<SrcFile Content="package game;&#13;&#10;/**&#13;&#10; * This class represents the states of the board.&#13;&#10; * &#13;&#10; * @author shellajt&#13;&#10; *&#13;&#10; */&#13;&#10;public class BoardState {&#13;&#10;&#9;//Fields&#13;&#10;&#9;private char[][] boardArray; //Represents the current state of the board&#13;&#10;&#9;private int turnNumber;&#13;&#10;&#9;&#13;&#10;&#9;public BoardState(char[][] map, int turnNumber){&#13;&#10;&#9;&#9;this.boardArray = map;&#13;&#10;&#9;&#9;this.turnNumber = turnNumber;&#13;&#10;&#9;}&#13;&#10;&#13;&#10;&#9;public char[][] getBoardArray() {&#13;&#10;&#9;&#9;return boardArray;&#13;&#10;&#9;}&#13;&#10;&#13;&#10;&#9;public void setBoardArray(char[][] boardArray) {&#13;&#10;&#9;&#9;this.boardArray = boardArray;&#13;&#10;&#9;}&#13;&#10;&#13;&#10;&#9;public int getTurnNumber() {&#13;&#10;&#9;&#9;return turnNumber;&#13;&#10;&#9;}&#13;&#10;&#13;&#10;&#9;public void setTurnNumber(int turnNumber) {&#13;&#10;&#9;&#9;this.turnNumber = turnNumber;&#13;&#10;&#9;}&#13;&#10;&#9;&#13;&#10;&#9;public void incrementTurn(){&#13;&#10;&#9;&#9;this.turnNumber++;&#13;&#10;&#9;}&#13;&#10;&#9;public BoardState clone(){&#13;&#10;&#9;&#9;return new BoardState(boardArray, turnNumber);&#13;&#10;&#9;}&#13;&#10;}&#13;&#10;" Filename="BoardState.java" Intrnl_Id="3"/>
</SrcFileList>
<CritList>
<CritListEntry Name="org.codecover.model.utils.criteria.LoopCoverage" PluginName="org.codecover"/>
<CritListEntry Name="org.codecover.model.utils.criteria.QMOCoverage" PluginName="org.codecover"/>
<CritListEntry Name="org.codecover.model.utils.criteria.ConditionCoverage" PluginName="org.codecover"/>
<CritListEntry Name="org.codecover.model.utils.criteria.BranchCoverage" PluginName="org.codecover"/>
<CritListEntry Name="org.codecover.model.utils.criteria.SynchronizedStatementCoverage" PluginName="org.codecover"/>
<CritListEntry Name="org.codecover.model.utils.criteria.StatementCoverage" PluginName="org.codecover"/>
</CritList>
<BoolOpList>
<BoolOp Arity="2" Intrnl_Id="4" Name="conditional and (&amp;&amp;)">
<BoolAssgnmntBoolMapList>
<MapEntry BoolAssgnmnt="02" Value="false"/>
<MapEntry BoolAssgnmnt="10" Value="false"/>
<MapEntry BoolAssgnmnt="11" Value="true"/>
</BoolAssgnmntBoolMapList>
</BoolOp>
</BoolOpList>
<HierarchyLvlTypeList>
<HierarchyLvlType EnglishName="enumeration" IntrnlName="enum" Intrnl_Id="5"/>
<HierarchyLvlType EnglishName="package" IntrnlName="package" Intrnl_Id="6"/>
<HierarchyLvlType EnglishName="method" IntrnlName="method" Intrnl_Id="7"/>
<HierarchyLvlType EnglishName="class" IntrnlName="class" Intrnl_Id="8"/>
<HierarchyLvlType EnglishName="default package" IntrnlName="default package" Intrnl_Id="9"/>
</HierarchyLvlTypeList>
<MASTRoot>
<HierarchyLvl HierarchyLvlId="173" HierarchyLvlTypeId="9" Intrnl_Id="10" Name="default package">
<Header/>
<LocList/>
<HierarchyLvl HierarchyLvlId="172" HierarchyLvlTypeId="6" Intrnl_Id="11" Name="game">
<Header/>
<LocList/>
<HierarchyLvl HierarchyLvlId="155" HierarchyLvlTypeId="8" Intrnl_Id="12" Name="Piece">
<Header>
<Loc EndOffset="59" SrcFileId="1" StartOffset="41"/>
</Header>
<LocList>
<Loc EndOffset="159" SrcFileId="1" StartOffset="41"/>
<Loc EndOffset="207" SrcFileId="1" StartOffset="201"/>
<Loc EndOffset="2561" SrcFileId="1" StartOffset="277"/>
</LocList>
<HierarchyLvl HierarchyLvlId="141" HierarchyLvlTypeId="5" Intrnl_Id="13" Name="Owner">
<Header>
<Loc EndOffset="176" SrcFileId="1" StartOffset="159"/>
</Header>
<LocList>
<Loc EndOffset="201" SrcFileId="1" StartOffset="159"/>
</LocList>
</HierarchyLvl>
<HierarchyLvl HierarchyLvlId="142" HierarchyLvlTypeId="5" Intrnl_Id="14" Name="PieceType">
<Header>
<Loc EndOffset="228" SrcFileId="1" StartOffset="207"/>
</Header>
<LocList>
<Loc EndOffset="277" SrcFileId="1" StartOffset="207"/>
</LocList>
</HierarchyLvl>
<HierarchyLvl HierarchyLvlId="143" HierarchyLvlTypeId="7" Intrnl_Id="15" Name="Piece">
<Header>
<Loc EndOffset="303" SrcFileId="1" StartOffset="283"/>
</Header>
<LocList>
<Loc EndOffset="1659" SrcFileId="1" StartOffset="283"/>
</LocList>
<StmntSeq Intrnl_Id="16">
<LocList>
<Loc EndOffset="1655" SrcFileId="1" StartOffset="308"/>
</LocList>
<CondStmnt CovItemId="S1" CovItemPrefix="game.Piece.java" Intrnl_Id="17">
<Branch CovItemId="B1" CovItemPrefix="game.Piece.java" Implct="false" Intrnl_Id="18">
<Cond>
<Loc EndOffset="330" SrcFileId="1" StartOffset="322"/>
</Cond>
<LocList>
<Loc EndOffset="425" SrcFileId="1" StartOffset="336"/>
</LocList>
<StmntSeq Intrnl_Id="19">
<LocList>
<Loc EndOffset="365" SrcFileId="1" StartOffset="336"/>
<Loc EndOffset="395" SrcFileId="1" StartOffset="370"/>
<Loc EndOffset="414" SrcFileId="1" StartOffset="400"/>
<Loc EndOffset="425" SrcFileId="1" StartOffset="419"/>
</LocList>
<BasicStmnt CovItemId="S2" CovItemPrefix="game.Piece.java" Intrnl_Id="20">
<LocList>
<Loc EndOffset="365" SrcFileId="1" StartOffset="336"/>
</LocList>
</BasicStmnt>
<BasicStmnt CovItemId="S3" CovItemPrefix="game.Piece.java" Intrnl_Id="21">
<LocList>
<Loc EndOffset="395" SrcFileId="1" StartOffset="370"/>
</LocList>
</BasicStmnt>
<BasicStmnt CovItemId="S4" CovItemPrefix="game.Piece.java" Intrnl_Id="22">
<LocList>
<Loc EndOffset="414" SrcFileId="1" StartOffset="400"/>
</LocList>
</BasicStmnt>
<BasicStmnt CovItemId="S5" CovItemPrefix="game.Piece.java" Intrnl_Id="23">
<LocList>
<Loc EndOffset="425" SrcFileId="1" StartOffset="419"/>
</LocList>
</BasicStmnt>
</StmntSeq>
</Branch>
<Branch CovItemId="B2" CovItemPrefix="game.Piece.java" Implct="false" Intrnl_Id="24">
<Cond>
<Loc EndOffset="437" SrcFileId="1" StartOffset="429"/>
</Cond>
<LocList>
<Loc EndOffset="529" SrcFileId="1" StartOffset="443"/>
</LocList>
<StmntSeq Intrnl_Id="25">
<LocList>
<Loc EndOffset="469" SrcFileId="1" StartOffset="443"/>
<Loc EndOffset="499" SrcFileId="1" StartOffset="474"/>
<Loc EndOffset="518" SrcFileId="1" StartOffset="504"/>
<Loc EndOffset="529" SrcFileId="1" StartOffset="523"/>
</LocList>
<BasicStmnt CovItemId="S6" CovItemPrefix="game.Piece.java" Intrnl_Id="26">
<LocList>
<Loc EndOffset="469" SrcFileId="1" StartOffset="443"/>
</LocList>
</BasicStmnt>
<BasicStmnt CovItemId="S7" CovItemPrefix="game.Piece.java" Intrnl_Id="27">
<LocList>
<Loc EndOffset="499" SrcFileId="1" StartOffset="474"/>
</LocList>
</BasicStmnt>
<BasicStmnt CovItemId="S8" CovItemPrefix="game.Piece.java" Intrnl_Id="28">
<LocList>
<Loc EndOffset="518" SrcFileId="1" StartOffset="504"/>
</LocList>
</BasicStmnt>
<BasicStmnt CovItemId="S9" CovItemPrefix="game.Piece.java" Intrnl_Id="29">
<LocList>
<Loc EndOffset="529" SrcFileId="1" StartOffset="523"/>
</LocList>
</BasicStmnt>
</StmntSeq>
</Branch>
<Branch CovItemId="B3" CovItemPrefix="game.Piece.java" Implct="false" Intrnl_Id="30">
<Cond>
<Loc EndOffset="541" SrcFileId="1" StartOffset="533"/>
</Cond>
<LocList>
<Loc EndOffset="633" SrcFileId="1" StartOffset="547"/>
</LocList>
<StmntSeq Intrnl_Id="31">
<LocList>
<Loc EndOffset="573" SrcFileId="1" StartOffset="547"/>
<Loc EndOffset="603" SrcFileId="1" StartOffset="578"/>
<Loc EndOffset="622" SrcFileId="1" StartOffset="608"/>
<Loc EndOffset="633" SrcFileId="1" StartOffset="627"/>
</LocList>
<BasicStmnt CovItemId="S10" CovItemPrefix="game.Piece.java" Intrnl_Id="32">
<LocList>
<Loc EndOffset="573" SrcFileId="1" StartOffset="547"/>
</LocList>
</BasicStmnt>
<BasicStmnt CovItemId="S11" CovItemPrefix="game.Piece.java" Intrnl_Id="33">
<LocList>
<Loc EndOffset="603" SrcFileId="1" StartOffset="578"/>
</LocList>
</BasicStmnt>
<BasicStmnt CovItemId="S12" CovItemPrefix="game.Piece.java" Intrnl_Id="34">
<LocList>
<Loc EndOffset="622" SrcFileId="1" StartOffset="608"/>
</LocList>
</BasicStmnt>
<BasicStmnt CovItemId="S13" CovItemPrefix="game.Piece.java" Intrnl_Id="35">
<LocList>
<Loc EndOffset="633" SrcFileId="1" StartOffset="627"/>
</LocList>
</BasicStmnt>
</StmntSeq>
</Branch>
<Branch CovItemId="B4" CovItemPrefix="game.Piece.java" Implct="false" Intrnl_Id="36">
<Cond>
<Loc EndOffset="645" SrcFileId="1" StartOffset="637"/>
</Cond>
<LocList>
<Loc EndOffset="735" SrcFileId="1" StartOffset="651"/>
</LocList>
<StmntSeq Intrnl_Id="37">
<LocList>
<Loc EndOffset="675" SrcFileId="1" StartOffset="651"/>
<Loc EndOffset="705" SrcFileId="1" StartOffset="680"/>
<Loc EndOffset="724" SrcFileId="1" StartOffset="710"/>
<Loc EndOffset="735" SrcFileId="1" StartOffset="729"/>
</LocList>
<BasicStmnt CovItemId="S14" CovItemPrefix="game.Piece.java" Intrnl_Id="38">
<LocList>
<Loc EndOffset="675" SrcFileId="1" StartOffset="651"/>
</LocList>
</BasicStmnt>
<BasicStmnt CovItemId="S15" CovItemPrefix="game.Piece.java" Intrnl_Id="39">
<LocList>
<Loc EndOffset="705" SrcFileId="1" StartOffset="680"/>
</LocList>
</BasicStmnt>
<BasicStmnt CovItemId="S16" CovItemPrefix="game.Piece.java" Intrnl_Id="40">
<LocList>
<Loc EndOffset="724" SrcFileId="1" StartOffset="710"/>
</LocList>
</BasicStmnt>
<BasicStmnt CovItemId="S17" CovItemPrefix="game.Piece.java" Intrnl_Id="41">
<LocList>
<Loc EndOffset="735" SrcFileId="1" StartOffset="729"/>
</LocList>
</BasicStmnt>
</StmntSeq>
</Branch>
<Branch CovItemId="B5" CovItemPrefix="game.Piece.java" Implct="false" Intrnl_Id="42">
<Cond>
<Loc EndOffset="747" SrcFileId="1" StartOffset="739"/>
</Cond>
<LocList>
<Loc EndOffset="837" SrcFileId="1" StartOffset="753"/>
</LocList>
<StmntSeq Intrnl_Id="43">
<LocList>
<Loc EndOffset="777" SrcFileId="1" StartOffset="753"/>
<Loc EndOffset="807" SrcFileId="1" StartOffset="782"/>
<Loc EndOffset="826" SrcFileId="1" StartOffset="812"/>
<Loc EndOffset="837" SrcFileId="1" StartOffset="831"/>
</LocList>
<BasicStmnt CovItemId="S18" CovItemPrefix="game.Piece.java" Intrnl_Id="44">
<LocList>
<Loc EndOffset="777" SrcFileId="1" StartOffset="753"/>
</LocList>
</BasicStmnt>
<BasicStmnt CovItemId="S19" CovItemPrefix="game.Piece.java" Intrnl_Id="45">
<LocList>
<Loc EndOffset="807" SrcFileId="1" StartOffset="782"/>
</LocList>
</BasicStmnt>
<BasicStmnt CovItemId="S20" CovItemPrefix="game.Piece.java" Intrnl_Id="46">
<LocList>
<Loc EndOffset="826" SrcFileId="1" StartOffset="812"/>
</LocList>
</BasicStmnt>
<BasicStmnt CovItemId="S21" CovItemPrefix="game.Piece.java" Intrnl_Id="47">
<LocList>
<Loc EndOffset="837" SrcFileId="1" StartOffset="831"/>
</LocList>
</BasicStmnt>
</StmntSeq>
</Branch>
<Branch CovItemId="B6" CovItemPrefix="game.Piece.java" Implct="false" Intrnl_Id="48">
<Cond>
<Loc EndOffset="849" SrcFileId="1" StartOffset="841"/>
</Cond>
<LocList>
<Loc EndOffset="942" SrcFileId="1" StartOffset="855"/>
</LocList>
<StmntSeq Intrnl_Id="49">
<LocList>
<Loc EndOffset="882" SrcFileId="1" StartOffset="855"/>
<Loc EndOffset="912" SrcFileId="1" StartOffset="887"/>
<Loc EndOffset="931" SrcFileId="1" StartOffset="917"/>
<Loc EndOffset="942" SrcFileId="1" StartOffset="936"/>
</LocList>
<BasicStmnt CovItemId="S22" CovItemPrefix="game.Piece.java" Intrnl_Id="50">
<LocList>
<Loc EndOffset="882" SrcFileId="1" StartOffset="855"/>
</LocList>
</BasicStmnt>
<BasicStmnt CovItemId="S23" CovItemPrefix="game.Piece.java" Intrnl_Id="51">
<LocList>
<Loc EndOffset="912" SrcFileId="1" StartOffset="887"/>
</LocList>
</BasicStmnt>
<BasicStmnt CovItemId="S24" CovItemPrefix="game.Piece.java" Intrnl_Id="52">
<LocList>
<Loc EndOffset="931" SrcFileId="1" StartOffset="917"/>
</LocList>
</BasicStmnt>
<BasicStmnt CovItemId="S25" CovItemPrefix="game.Piece.java" Intrnl_Id="53">
<LocList>
<Loc EndOffset="942" SrcFileId="1" StartOffset="936"/>
</LocList>
</BasicStmnt>
</StmntSeq>
</Branch>
<Branch CovItemId="B7" CovItemPrefix="game.Piece.java" Implct="false" Intrnl_Id="54">
<Cond>
<Loc EndOffset="954" SrcFileId="1" StartOffset="946"/>
</Cond>
<LocList>
<Loc EndOffset="1049" SrcFileId="1" StartOffset="960"/>
</LocList>
<StmntSeq Intrnl_Id="55">
<LocList>
<Loc EndOffset="989" SrcFileId="1" StartOffset="960"/>
<Loc EndOffset="1019" SrcFileId="1" StartOffset="994"/>
<Loc EndOffset="1038" SrcFileId="1" StartOffset="1024"/>
<Loc EndOffset="1049" SrcFileId="1" StartOffset="1043"/>
</LocList>
<BasicStmnt CovItemId="S26" CovItemPrefix="game.Piece.java" Intrnl_Id="56">
<LocList>
<Loc EndOffset="989" SrcFileId="1" StartOffset="960"/>
</LocList>
</BasicStmnt>
<BasicStmnt CovItemId="S27" CovItemPrefix="game.Piece.java" Intrnl_Id="57">
<LocList>
<Loc EndOffset="1019" SrcFileId="1" StartOffset="994"/>
</LocList>
</BasicStmnt>
<BasicStmnt CovItemId="S28" CovItemPrefix="game.Piece.java" Intrnl_Id="58">
<LocList>
<Loc EndOffset="1038" SrcFileId="1" StartOffset="1024"/>
</LocList>
</BasicStmnt>
<BasicStmnt CovItemId="S29" CovItemPrefix="game.Piece.java" Intrnl_Id="59">
<LocList>
<Loc EndOffset="1049" SrcFileId="1" StartOffset="1043"/>
</LocList>
</BasicStmnt>
</StmntSeq>
</Branch>
<Branch CovItemId="B8" CovItemPrefix="game.Piece.java" Implct="false" Intrnl_Id="60">
<Cond>
<Loc EndOffset="1061" SrcFileId="1" StartOffset="1053"/>
</Cond>
<LocList>
<Loc EndOffset="1153" SrcFileId="1" StartOffset="1067"/>
</LocList>
<StmntSeq Intrnl_Id="61">
<LocList>
<Loc EndOffset="1093" SrcFileId="1" StartOffset="1067"/>
<Loc EndOffset="1123" SrcFileId="1" StartOffset="1098"/>
<Loc EndOffset="1142" SrcFileId="1" StartOffset="1128"/>
<Loc EndOffset="1153" SrcFileId="1" StartOffset="1147"/>
</LocList>
<BasicStmnt CovItemId="S30" CovItemPrefix="game.Piece.java" Intrnl_Id="62">
<LocList>
<Loc EndOffset="1093" SrcFileId="1" StartOffset="1067"/>
</LocList>
</BasicStmnt>
<BasicStmnt CovItemId="S31" CovItemPrefix="game.Piece.java" Intrnl_Id="63">
<LocList>
<Loc EndOffset="1123" SrcFileId="1" StartOffset="1098"/>
</LocList>
</BasicStmnt>
<BasicStmnt CovItemId="S32" CovItemPrefix="game.Piece.java" Intrnl_Id="64">
<LocList>
<Loc EndOffset="1142" SrcFileId="1" StartOffset="1128"/>
</LocList>
</BasicStmnt>
<BasicStmnt CovItemId="S33" CovItemPrefix="game.Piece.java" Intrnl_Id="65">
<LocList>
<Loc EndOffset="1153" SrcFileId="1" StartOffset="1147"/>
</LocList>
</BasicStmnt>
</StmntSeq>
</Branch>
<Branch CovItemId="B9" CovItemPrefix="game.Piece.java" Implct="false" Intrnl_Id="66">
<Cond>
<Loc EndOffset="1165" SrcFileId="1" StartOffset="1157"/>
</Cond>
<LocList>
<Loc EndOffset="1257" SrcFileId="1" StartOffset="1171"/>
</LocList>
<StmntSeq Intrnl_Id="67">
<LocList>
<Loc EndOffset="1197" SrcFileId="1" StartOffset="1171"/>
<Loc EndOffset="1227" SrcFileId="1" StartOffset="1202"/>
<Loc EndOffset="1246" SrcFileId="1" StartOffset="1232"/>
<Loc EndOffset="1257" SrcFileId="1" StartOffset="1251"/>
</LocList>
<BasicStmnt CovItemId="S34" CovItemPrefix="game.Piece.java" Intrnl_Id="68">
<LocList>
<Loc EndOffset="1197" SrcFileId="1" StartOffset="1171"/>
</LocList>
</BasicStmnt>
<BasicStmnt CovItemId="S35" CovItemPrefix="game.Piece.java" Intrnl_Id="69">
<LocList>
<Loc EndOffset="1227" SrcFileId="1" StartOffset="1202"/>
</LocList>
</BasicStmnt>
<BasicStmnt CovItemId="S36" CovItemPrefix="game.Piece.java" Intrnl_Id="70">
<LocList>
<Loc EndOffset="1246" SrcFileId="1" StartOffset="1232"/>
</LocList>
</BasicStmnt>
<BasicStmnt CovItemId="S37" CovItemPrefix="game.Piece.java" Intrnl_Id="71">
<LocList>
<Loc EndOffset="1257" SrcFileId="1" StartOffset="1251"/>
</LocList>
</BasicStmnt>
</StmntSeq>
</Branch>
<Branch CovItemId="B10" CovItemPrefix="game.Piece.java" Implct="false" Intrnl_Id="72">
<Cond>
<Loc EndOffset="1269" SrcFileId="1" StartOffset="1261"/>
</Cond>
<LocList>
<Loc EndOffset="1359" SrcFileId="1" StartOffset="1275"/>
</LocList>
<StmntSeq Intrnl_Id="73">
<LocList>
<Loc EndOffset="1299" SrcFileId="1" StartOffset="1275"/>
<Loc EndOffset="1329" SrcFileId="1" StartOffset="1304"/>
<Loc EndOffset="1348" SrcFileId="1" StartOffset="1334"/>
<Loc EndOffset="1359" SrcFileId="1" StartOffset="1353"/>
</LocList>
<BasicStmnt CovItemId="S38" CovItemPrefix="game.Piece.java" Intrnl_Id="74">
<LocList>
<Loc EndOffset="1299" SrcFileId="1" StartOffset="1275"/>
</LocList>
</BasicStmnt>
<BasicStmnt CovItemId="S39" CovItemPrefix="game.Piece.java" Intrnl_Id="75">
<LocList>
<Loc EndOffset="1329" SrcFileId="1" StartOffset="1304"/>
</LocList>
</BasicStmnt>
<BasicStmnt CovItemId="S40" CovItemPrefix="game.Piece.java" Intrnl_Id="76">
<LocList>
<Loc EndOffset="1348" SrcFileId="1" StartOffset="1334"/>
</LocList>
</BasicStmnt>
<BasicStmnt CovItemId="S41" CovItemPrefix="game.Piece.java" Intrnl_Id="77">
<LocList>
<Loc EndOffset="1359" SrcFileId="1" StartOffset="1353"/>
</LocList>
</BasicStmnt>
</StmntSeq>
</Branch>
<Branch CovItemId="B11" CovItemPrefix="game.Piece.java" Implct="false" Intrnl_Id="78">
<Cond>
<Loc EndOffset="1371" SrcFileId="1" StartOffset="1363"/>
</Cond>
<LocList>
<Loc EndOffset="1461" SrcFileId="1" StartOffset="1377"/>
</LocList>
<StmntSeq Intrnl_Id="79">
<LocList>
<Loc EndOffset="1401" SrcFileId="1" StartOffset="1377"/>
<Loc EndOffset="1431" SrcFileId="1" StartOffset="1406"/>
<Loc EndOffset="1450" SrcFileId="1" StartOffset="1436"/>
<Loc EndOffset="1461" SrcFileId="1" StartOffset="1455"/>
</LocList>
<BasicStmnt CovItemId="S42" CovItemPrefix="game.Piece.java" Intrnl_Id="80">
<LocList>
<Loc EndOffset="1401" SrcFileId="1" StartOffset="1377"/>
</LocList>
</BasicStmnt>
<BasicStmnt CovItemId="S43" CovItemPrefix="game.Piece.java" Intrnl_Id="81">
<LocList>
<Loc EndOffset="1431" SrcFileId="1" StartOffset="1406"/>
</LocList>
</BasicStmnt>
<BasicStmnt CovItemId="S44" CovItemPrefix="game.Piece.java" Intrnl_Id="82">
<LocList>
<Loc EndOffset="1450" SrcFileId="1" StartOffset="1436"/>
</LocList>
</BasicStmnt>
<BasicStmnt CovItemId="S45" CovItemPrefix="game.Piece.java" Intrnl_Id="83">
<LocList>
<Loc EndOffset="1461" SrcFileId="1" StartOffset="1455"/>
</LocList>
</BasicStmnt>
</StmntSeq>
</Branch>
<Branch CovItemId="B12" CovItemPrefix="game.Piece.java" Implct="false" Intrnl_Id="84">
<Cond>
<Loc EndOffset="1473" SrcFileId="1" StartOffset="1465"/>
</Cond>
<LocList>
<Loc EndOffset="1566" SrcFileId="1" StartOffset="1479"/>
</LocList>
<StmntSeq Intrnl_Id="85">
<LocList>
<Loc EndOffset="1506" SrcFileId="1" StartOffset="1479"/>
<Loc EndOffset="1536" SrcFileId="1" StartOffset="1511"/>
<Loc EndOffset="1555" SrcFileId="1" StartOffset="1541"/>
<Loc EndOffset="1566" SrcFileId="1" StartOffset="1560"/>
</LocList>
<BasicStmnt CovItemId="S46" CovItemPrefix="game.Piece.java" Intrnl_Id="86">
<LocList>
<Loc EndOffset="1506" SrcFileId="1" StartOffset="1479"/>
</LocList>
</BasicStmnt>
<BasicStmnt CovItemId="S47" CovItemPrefix="game.Piece.java" Intrnl_Id="87">
<LocList>
<Loc EndOffset="1536" SrcFileId="1" StartOffset="1511"/>
</LocList>
</BasicStmnt>
<BasicStmnt CovItemId="S48" CovItemPrefix="game.Piece.java" Intrnl_Id="88">
<LocList>
<Loc EndOffset="1555" SrcFileId="1" StartOffset="1541"/>
</LocList>
</BasicStmnt>
<BasicStmnt CovItemId="S49" CovItemPrefix="game.Piece.java" Intrnl_Id="89">
<LocList>
<Loc EndOffset="1566" SrcFileId="1" StartOffset="1560"/>
</LocList>
</BasicStmnt>
</StmntSeq>
</Branch>
<Branch CovItemId="B13" CovItemPrefix="game.Piece.java" Implct="false" Intrnl_Id="90">
<Cond>
<Loc EndOffset="1577" SrcFileId="1" StartOffset="1570"/>
</Cond>
<LocList>
<Loc EndOffset="1650" SrcFileId="1" StartOffset="1583"/>
</LocList>
<StmntSeq Intrnl_Id="91">
<LocList>
<Loc EndOffset="1650" SrcFileId="1" StartOffset="1583"/>
</LocList>
<BasicStmnt CovItemId="S50" CovItemPrefix="game.Piece.java" Intrnl_Id="92">
<LocList>
<Loc EndOffset="1650" SrcFileId="1" StartOffset="1583"/>
</LocList>
</BasicStmnt>
</StmntSeq>
</Branch>
<Keyword EndOffset="314" SrcFileId="1" StartOffset="308"/>
<LocList>
<Loc EndOffset="1655" SrcFileId="1" StartOffset="308"/>
</LocList>
</CondStmnt>
</StmntSeq>
</HierarchyLvl>
<HierarchyLvl HierarchyLvlId="144" HierarchyLvlTypeId="7" Intrnl_Id="93" Name="Piece">
<Header>
<Loc EndOffset="1708" SrcFileId="1" StartOffset="1665"/>
</Header>
<LocList>
<Loc EndOffset="1769" SrcFileId="1" StartOffset="1665"/>
</LocList>
<StmntSeq Intrnl_Id="94">
<LocList>
<Loc EndOffset="1727" SrcFileId="1" StartOffset="1713"/>
<Loc EndOffset="1746" SrcFileId="1" StartOffset="1731"/>
<Loc EndOffset="1765" SrcFileId="1" StartOffset="1750"/>
</LocList>
<BasicStmnt CovItemId="S51" CovItemPrefix="game.Piece.java" Intrnl_Id="95">
<LocList>
<Loc EndOffset="1727" SrcFileId="1" StartOffset="1713"/>
</LocList>
</BasicStmnt>
<BasicStmnt CovItemId="S52" CovItemPrefix="game.Piece.java" Intrnl_Id="96">
<LocList>
<Loc EndOffset="1746" SrcFileId="1" StartOffset="1731"/>
</LocList>
</BasicStmnt>
<BasicStmnt CovItemId="S53" CovItemPrefix="game.Piece.java" Intrnl_Id="97">
<LocList>
<Loc EndOffset="1765" SrcFileId="1" StartOffset="1750"/>
</LocList>
</BasicStmnt>
</StmntSeq>
</HierarchyLvl>
<HierarchyLvl HierarchyLvlId="145" HierarchyLvlTypeId="7" Intrnl_Id="98" Name="getType">
<Header>
<Loc EndOffset="1800" SrcFileId="1" StartOffset="1774"/>
</Header>
<LocList>
<Loc EndOffset="1827" SrcFileId="1" StartOffset="1774"/>
</LocList>
<StmntSeq Intrnl_Id="99">
<LocList>
<Loc EndOffset="1823" SrcFileId="1" StartOffset="1806"/>
</LocList>
<BasicStmnt CovItemId="S54" CovItemPrefix="game.Piece.java" Intrnl_Id="100">
<LocList>
<Loc EndOffset="1823" SrcFileId="1" StartOffset="1806"/>
</LocList>
</BasicStmnt>
</StmntSeq>
</HierarchyLvl>
<HierarchyLvl HierarchyLvlId="146" HierarchyLvlTypeId="7" Intrnl_Id="101" Name="setType">
<Header>
<Loc EndOffset="1867" SrcFileId="1" StartOffset="1832"/>
</Header>
<LocList>
<Loc EndOffset="1895" SrcFileId="1" StartOffset="1832"/>
</LocList>
<StmntSeq Intrnl_Id="102">
<LocList>
<Loc EndOffset="1890" SrcFileId="1" StartOffset="1873"/>
</LocList>
<BasicStmnt CovItemId="S55" CovItemPrefix="game.Piece.java" Intrnl_Id="103">
<LocList>
<Loc EndOffset="1890" SrcFileId="1" StartOffset="1873"/>
</LocList>
</BasicStmnt>
</StmntSeq>
</HierarchyLvl>
<HierarchyLvl HierarchyLvlId="147" HierarchyLvlTypeId="7" Intrnl_Id="104" Name="getImage">
<Header>
<Loc EndOffset="1923" SrcFileId="1" StartOffset="1900"/>
</Header>
<LocList>
<Loc EndOffset="1951" SrcFileId="1" StartOffset="1900"/>
</LocList>
<StmntSeq Intrnl_Id="105">
<LocList>
<Loc EndOffset="1947" SrcFileId="1" StartOffset="1929"/>
</LocList>
<BasicStmnt CovItemId="S56" CovItemPrefix="game.Piece.java" Intrnl_Id="106">
<LocList>
<Loc EndOffset="1947" SrcFileId="1" StartOffset="1929"/>
</LocList>
</BasicStmnt>
</StmntSeq>
</HierarchyLvl>
<HierarchyLvl HierarchyLvlId="148" HierarchyLvlTypeId="7" Intrnl_Id="107" Name="setImg">
<Header>
<Loc EndOffset="1985" SrcFileId="1" StartOffset="1956"/>
</Header>
<LocList>
<Loc EndOffset="2012" SrcFileId="1" StartOffset="1956"/>
</LocList>
<StmntSeq Intrnl_Id="108">
<LocList>
<Loc EndOffset="2008" SrcFileId="1" StartOffset="1991"/>
</LocList>
<BasicStmnt CovItemId="S57" CovItemPrefix="game.Piece.java" Intrnl_Id="109">
<LocList>
<Loc EndOffset="2008" SrcFileId="1" StartOffset="1991"/>
</LocList>
</BasicStmnt>
</StmntSeq>
</HierarchyLvl>
<HierarchyLvl HierarchyLvlId="149" HierarchyLvlTypeId="7" Intrnl_Id="110" Name="getOwner">
<Header>
<Loc EndOffset="2040" SrcFileId="1" StartOffset="2017"/>
</Header>
<LocList>
<Loc EndOffset="2068" SrcFileId="1" StartOffset="2017"/>
</LocList>
<StmntSeq Intrnl_Id="111">
<LocList>
<Loc EndOffset="2064" SrcFileId="1" StartOffset="2046"/>
</LocList>
<BasicStmnt CovItemId="S58" CovItemPrefix="game.Piece.java" Intrnl_Id="112">
<LocList>
<Loc EndOffset="2064" SrcFileId="1" StartOffset="2046"/>
</LocList>
</BasicStmnt>
</StmntSeq>
</HierarchyLvl>
<HierarchyLvl HierarchyLvlId="150" HierarchyLvlTypeId="7" Intrnl_Id="113" Name="setOwner">
<Header>
<Loc EndOffset="2106" SrcFileId="1" StartOffset="2073"/>
</Header>
<LocList>
<Loc EndOffset="2135" SrcFileId="1" StartOffset="2073"/>
</LocList>
<StmntSeq Intrnl_Id="114">
<LocList>
<Loc EndOffset="2131" SrcFileId="1" StartOffset="2112"/>
</LocList>
<BasicStmnt CovItemId="S59" CovItemPrefix="game.Piece.java" Intrnl_Id="115">
<LocList>
<Loc EndOffset="2131" SrcFileId="1" StartOffset="2112"/>
</LocList>
</BasicStmnt>
</StmntSeq>
</HierarchyLvl>
<HierarchyLvl HierarchyLvlId="151" HierarchyLvlTypeId="7" Intrnl_Id="116" Name="getRank">
<Header>
<Loc EndOffset="2161" SrcFileId="1" StartOffset="2141"/>
</Header>
<LocList>
<Loc EndOffset="2187" SrcFileId="1" StartOffset="2141"/>
</LocList>
<StmntSeq Intrnl_Id="117">
<LocList>
<Loc EndOffset="2183" SrcFileId="1" StartOffset="2166"/>
</LocList>
<BasicStmnt CovItemId="S60" CovItemPrefix="game.Piece.java" Intrnl_Id="118">
<LocList>
<Loc EndOffset="2183" SrcFileId="1" StartOffset="2166"/>
</LocList>
</BasicStmnt>
</StmntSeq>
</HierarchyLvl>
<HierarchyLvl HierarchyLvlId="152" HierarchyLvlTypeId="7" Intrnl_Id="119" Name="setRank">
<Header>
<Loc EndOffset="2222" SrcFileId="1" StartOffset="2193"/>
</Header>
<LocList>
<Loc EndOffset="2248" SrcFileId="1" StartOffset="2193"/>
</LocList>
<StmntSeq Intrnl_Id="120">
<LocList>
<Loc EndOffset="2244" SrcFileId="1" StartOffset="2227"/>
</LocList>
<BasicStmnt CovItemId="S61" CovItemPrefix="game.Piece.java" Intrnl_Id="121">
<LocList>
<Loc EndOffset="2244" SrcFileId="1" StartOffset="2227"/>
</LocList>
</BasicStmnt>
</StmntSeq>
</HierarchyLvl>
<HierarchyLvl HierarchyLvlId="153" HierarchyLvlTypeId="7" Intrnl_Id="122" Name="equals">
<Header>
<Loc EndOffset="2286" SrcFileId="1" StartOffset="2254"/>
</Header>
<LocList>
<Loc EndOffset="2465" SrcFileId="1" StartOffset="2254"/>
</LocList>
<StmntSeq Intrnl_Id="123">
<LocList>
<Loc EndOffset="2440" SrcFileId="1" StartOffset="2291"/>
<Loc EndOffset="2457" SrcFileId="1" StartOffset="2444"/>
</LocList>
<CondStmnt CovItemId="S62" CovItemPrefix="game.Piece.java" Intrnl_Id="124">
<Branch CovItemId="B14" CovItemPrefix="game.Piece.java" Implct="false" Intrnl_Id="125">
<Cond/>
<LocList>
<Loc EndOffset="2440" SrcFileId="1" StartOffset="2316"/>
</LocList>
<StmntSeq Intrnl_Id="126">
<LocList>
<Loc EndOffset="2435" SrcFileId="1" StartOffset="2322"/>
</LocList>
<CondStmnt CovItemId="S63" CovItemPrefix="game.Piece.java" Intrnl_Id="127">
<Branch CovItemId="B16" CovItemPrefix="game.Piece.java" Implct="false" Intrnl_Id="128">
<Cond/>
<LocList>
<Loc EndOffset="2435" SrcFileId="1" StartOffset="2410"/>
</LocList>
<StmntSeq Intrnl_Id="129">
<LocList>
<Loc EndOffset="2429" SrcFileId="1" StartOffset="2417"/>
</LocList>
<BasicStmnt CovItemId="S64" CovItemPrefix="game.Piece.java" Intrnl_Id="130">
<LocList>
<Loc EndOffset="2429" SrcFileId="1" StartOffset="2417"/>
</LocList>
</BasicStmnt>
</StmntSeq>
</Branch>
<Branch CovItemId="B17" CovItemPrefix="game.Piece.java" Implct="true" Intrnl_Id="131">
<Cond/>
<LocList/>
<StmntSeq Intrnl_Id="132">
<LocList/>
</StmntSeq>
</Branch>
<Keyword EndOffset="2324" SrcFileId="1" StartOffset="2322"/>
<LocList>
<Loc EndOffset="2435" SrcFileId="1" StartOffset="2322"/>
</LocList>
<RootTerm CovItemId="C2" CovItemPrefix="game.Piece.java" Intrnl_Id="133">
<OpTerm BooleanOpId="4" Intrnl_Id="134">
<BasicBoolTerm Intrnl_Id="135">
<LocList>
<Loc EndOffset="2363" SrcFileId="1" StartOffset="2325"/>
</LocList>
</BasicBoolTerm>
<BasicBoolTerm Intrnl_Id="136">
<LocList>
<Loc EndOffset="2408" SrcFileId="1" StartOffset="2368"/>
</LocList>
</BasicBoolTerm>
<LocList>
<Loc EndOffset="2366" SrcFileId="1" StartOffset="2364"/>
</LocList>
</OpTerm>
</RootTerm>
</CondStmnt>
</StmntSeq>
</Branch>
<Branch CovItemId="B15" CovItemPrefix="game.Piece.java" Implct="true" Intrnl_Id="137">
<Cond/>
<LocList/>
<StmntSeq Intrnl_Id="138">
<LocList/>
</StmntSeq>
</Branch>
<Keyword EndOffset="2293" SrcFileId="1" StartOffset="2291"/>
<LocList>
<Loc EndOffset="2440" SrcFileId="1" StartOffset="2291"/>
</LocList>
<RootTerm CovItemId="C1" CovItemPrefix="game.Piece.java" Intrnl_Id="139">
<BasicBoolTerm Intrnl_Id="140">
<LocList>
<Loc EndOffset="2314" SrcFileId="1" StartOffset="2295"/>
</LocList>
</BasicBoolTerm>
</RootTerm>
</CondStmnt>
<BasicStmnt CovItemId="S65" CovItemPrefix="game.Piece.java" Intrnl_Id="141">
<LocList>
<Loc EndOffset="2457" SrcFileId="1" StartOffset="2444"/>
</LocList>
</BasicStmnt>
</StmntSeq>
</HierarchyLvl>
<HierarchyLvl HierarchyLvlId="154" HierarchyLvlTypeId="7" Intrnl_Id="142" Name="isStrongerThan">
<Header>
<Loc EndOffset="2510" SrcFileId="1" StartOffset="2471"/>
</Header>
<LocList>
<Loc EndOffset="2558" SrcFileId="1" StartOffset="2471"/>
</LocList>
<StmntSeq Intrnl_Id="143">
<LocList>
<Loc EndOffset="2554" SrcFileId="1" StartOffset="2515"/>
</LocList>
<BasicStmnt CovItemId="S66" CovItemPrefix="game.Piece.java" Intrnl_Id="144">
<LocList>
<Loc EndOffset="2554" SrcFileId="1" StartOffset="2515"/>
</LocList>
</BasicStmnt>
</StmntSeq>
</HierarchyLvl>
</HierarchyLvl>
<HierarchyLvl HierarchyLvlId="163" HierarchyLvlTypeId="8" Intrnl_Id="145" Name="Game">
<Header>
<Loc EndOffset="91" SrcFileId="2" StartOffset="74"/>
</Header>
<LocList>
<Loc EndOffset="6092" SrcFileId="2" StartOffset="74"/>
</LocList>
<StmntSeq Intrnl_Id="146">
<LocList>
<Loc EndOffset="165" SrcFileId="2" StartOffset="107"/>
<Loc EndOffset="204" SrcFileId="2" StartOffset="168"/>
<Loc EndOffset="227" SrcFileId="2" StartOffset="207"/>
<Loc EndOffset="247" SrcFileId="2" StartOffset="230"/>
<Loc EndOffset="267" SrcFileId="2" StartOffset="250"/>
<Loc EndOffset="288" SrcFileId="2" StartOffset="270"/>
</LocList>
<BasicStmnt CovItemId="S1" CovItemPrefix="game.Game.java" Intrnl_Id="147">
<LocList>
<Loc EndOffset="165" SrcFileId="2" StartOffset="107"/>
</LocList>
</BasicStmnt>
<BasicStmnt CovItemId="S2" CovItemPrefix="game.Game.java" Intrnl_Id="148">
<LocList>
<Loc EndOffset="204" SrcFileId="2" StartOffset="168"/>
</LocList>
</BasicStmnt>
<BasicStmnt CovItemId="S3" CovItemPrefix="game.Game.java" Intrnl_Id="149">
<LocList>
<Loc EndOffset="227" SrcFileId="2" StartOffset="207"/>
</LocList>
</BasicStmnt>
<BasicStmnt CovItemId="S4" CovItemPrefix="game.Game.java" Intrnl_Id="150">
<LocList>
<Loc EndOffset="247" SrcFileId="2" StartOffset="230"/>
</LocList>
</BasicStmnt>
<BasicStmnt CovItemId="S5" CovItemPrefix="game.Game.java" Intrnl_Id="151">
<LocList>
<Loc EndOffset="267" SrcFileId="2" StartOffset="250"/>
</LocList>
</BasicStmnt>
<BasicStmnt CovItemId="S6" CovItemPrefix="game.Game.java" Intrnl_Id="152">
<LocList>
<Loc EndOffset="288" SrcFileId="2" StartOffset="270"/>
</LocList>
</BasicStmnt>
</StmntSeq>
<HierarchyLvl HierarchyLvlId="156" HierarchyLvlTypeId="7" Intrnl_Id="153" Name="Game">
<Header>
<Loc EndOffset="319" SrcFileId="2" StartOffset="294"/>
</Header>
<LocList>
<Loc EndOffset="346" SrcFileId="2" StartOffset="294"/>
</LocList>
<StmntSeq Intrnl_Id="154">
<LocList>
<Loc EndOffset="342" SrcFileId="2" StartOffset="325"/>
</LocList>
<BasicStmnt CovItemId="S7" CovItemPrefix="game.Game.java" Intrnl_Id="155">
<LocList>
<Loc EndOffset="342" SrcFileId="2" StartOffset="325"/>
</LocList>
</BasicStmnt>
</StmntSeq>
</HierarchyLvl>
<HierarchyLvl HierarchyLvlId="157" HierarchyLvlTypeId="7" Intrnl_Id="156" Name="Game">
<Header>
<Loc EndOffset="426" SrcFileId="2" StartOffset="413"/>
</Header>
<LocList>
<Loc EndOffset="805" SrcFileId="2" StartOffset="413"/>
</LocList>
<StmntSeq Intrnl_Id="157">
<LocList>
<Loc EndOffset="801" SrcFileId="2" StartOffset="431"/>
</LocList>
<BasicStmnt CovItemId="S8" CovItemPrefix="game.Game.java" Intrnl_Id="158">
<LocList>
<Loc EndOffset="801" SrcFileId="2" StartOffset="431"/>
</LocList>
</BasicStmnt>
</StmntSeq>
</HierarchyLvl>
<HierarchyLvl HierarchyLvlId="158" HierarchyLvlTypeId="7" Intrnl_Id="159" Name="getSpace">
<Header>
<Loc EndOffset="911" SrcFileId="2" StartOffset="869"/>
</Header>
<LocList>
<Loc EndOffset="1055" SrcFileId="2" StartOffset="869"/>
</LocList>
<StmntSeq Intrnl_Id="160">
<LocList>
<Loc EndOffset="983" SrcFileId="2" StartOffset="916"/>
<Loc EndOffset="1047" SrcFileId="2" StartOffset="987"/>
</LocList>
<CondStmnt CovItemId="S9" CovItemPrefix="game.Game.java" Intrnl_Id="161">
<Branch CovItemId="B1" CovItemPrefix="game.Game.java" Implct="false" Intrnl_Id="162">
<Cond/>
<LocList>
<Loc EndOffset="983" SrcFileId="2" StartOffset="971"/>
</LocList>
<StmntSeq Intrnl_Id="163">
<LocList>
<Loc EndOffset="983" SrcFileId="2" StartOffset="971"/>
</LocList>
<BasicStmnt CovItemId="S10" CovItemPrefix="game.Game.java" Intrnl_Id="164">
<LocList>
<Loc EndOffset="983" SrcFileId="2" StartOffset="971"/>
</LocList>
</BasicStmnt>
</StmntSeq>
</Branch>
<Branch CovItemId="B2" CovItemPrefix="game.Game.java" Implct="true" Intrnl_Id="165">
<Cond/>
<LocList/>
<StmntSeq Intrnl_Id="166">
<LocList/>
</StmntSeq>
</Branch>
<Keyword EndOffset="918" SrcFileId="2" StartOffset="916"/>
<LocList>
<Loc EndOffset="983" SrcFileId="2" StartOffset="916"/>
</LocList>
<RootTerm CovItemId="C1" CovItemPrefix="game.Game.java" Intrnl_Id="167">
<BasicBoolTerm Intrnl_Id="168">
<LocList>
<Loc EndOffset="965" SrcFileId="2" StartOffset="919"/>
</LocList>
</BasicBoolTerm>
</RootTerm>
</CondStmnt>
<BasicStmnt CovItemId="S11" CovItemPrefix="game.Game.java" Intrnl_Id="169">
<LocList>
<Loc EndOffset="1047" SrcFileId="2" StartOffset="987"/>
</LocList>
</BasicStmnt>
</StmntSeq>
</HierarchyLvl>
<HierarchyLvl HierarchyLvlId="159" HierarchyLvlTypeId="7" Intrnl_Id="170" Name="move">
<Header>
<Loc EndOffset="1223" SrcFileId="2" StartOffset="1174"/>
</Header>
<LocList>
<Loc EndOffset="2135" SrcFileId="2" StartOffset="1174"/>
</LocList>
<StmntSeq Intrnl_Id="171">
<LocList>
<Loc EndOffset="1253" SrcFileId="2" StartOffset="1228"/>
<Loc EndOffset="1291" SrcFileId="2" StartOffset="1257"/>
<Loc EndOffset="2131" SrcFileId="2" StartOffset="1295"/>
</LocList>
<BasicStmnt CovItemId="S12" CovItemPrefix="game.Game.java" Intrnl_Id="172">
<LocList>
<Loc EndOffset="1253" SrcFileId="2" StartOffset="1228"/>
</LocList>
</BasicStmnt>
<BasicStmnt CovItemId="S13" CovItemPrefix="game.Game.java" Intrnl_Id="173">
<LocList>
<Loc EndOffset="1291" SrcFileId="2" StartOffset="1257"/>
</LocList>
</BasicStmnt>
<CondStmnt CovItemId="S14" CovItemPrefix="game.Game.java" Intrnl_Id="174">
<Branch CovItemId="B3" CovItemPrefix="game.Game.java" Implct="false" Intrnl_Id="175">
<Cond>
<Loc EndOffset="1317" SrcFileId="2" StartOffset="1311"/>
</Cond>
<LocList>
<Loc EndOffset="1500" SrcFileId="2" StartOffset="1339"/>
</LocList>
<StmntSeq Intrnl_Id="176">
<LocList>
<Loc EndOffset="1482" SrcFileId="2" StartOffset="1339"/>
<Loc EndOffset="1500" SrcFileId="2" StartOffset="1487"/>
</LocList>
<CondStmnt CovItemId="S15" CovItemPrefix="game.Game.java" Intrnl_Id="177">
<Branch CovItemId="B4" CovItemPrefix="game.Game.java" Implct="false" Intrnl_Id="178">
<Cond/>
<LocList>
<Loc EndOffset="1482" SrcFileId="2" StartOffset="1411"/>
</LocList>
<StmntSeq Intrnl_Id="179">
<LocList>
<Loc EndOffset="1458" SrcFileId="2" StartOffset="1418"/>
<Loc EndOffset="1476" SrcFileId="2" StartOffset="1464"/>
</LocList>
<BasicStmnt CovItemId="S16" CovItemPrefix="game.Game.java" Intrnl_Id="180">
<LocList>
<Loc EndOffset="1458" SrcFileId="2" StartOffset="1418"/>
</LocList>
</BasicStmnt>
<BasicStmnt CovItemId="S17" CovItemPrefix="game.Game.java" Intrnl_Id="181">
<LocList>
<Loc EndOffset="1476" SrcFileId="2" StartOffset="1464"/>
</LocList>
</BasicStmnt>
</StmntSeq>
</Branch>
<Branch CovItemId="B5" CovItemPrefix="game.Game.java" Implct="true" Intrnl_Id="182">
<Cond/>
<LocList/>
<StmntSeq Intrnl_Id="183">
<LocList/>
</StmntSeq>
</Branch>
<Keyword EndOffset="1341" SrcFileId="2" StartOffset="1339"/>
<LocList>
<Loc EndOffset="1482" SrcFileId="2" StartOffset="1339"/>
</LocList>
<RootTerm CovItemId="C2" CovItemPrefix="game.Game.java" Intrnl_Id="184">
<OpTerm BooleanOpId="4" Intrnl_Id="185">
<BasicBoolTerm Intrnl_Id="186">
<LocList>
<Loc EndOffset="1355" SrcFileId="2" StartOffset="1343"/>
</LocList>
</BasicBoolTerm>
<BasicBoolTerm Intrnl_Id="187">
<LocList>
<Loc EndOffset="1409" SrcFileId="2" StartOffset="1359"/>
</LocList>
</BasicBoolTerm>
<LocList>
<Loc EndOffset="1358" SrcFileId="2" StartOffset="1356"/>
</LocList>
</OpTerm>
</RootTerm>
</CondStmnt>
<BasicStmnt CovItemId="S18" CovItemPrefix="game.Game.java" Intrnl_Id="188">
<LocList>
<Loc EndOffset="1500" SrcFileId="2" StartOffset="1487"/>
</LocList>
</BasicStmnt>
</StmntSeq>
</Branch>
<Branch CovItemId="B6" CovItemPrefix="game.Game.java" Implct="false" Intrnl_Id="189">
<Cond>
<Loc EndOffset="1510" SrcFileId="2" StartOffset="1504"/>
</Cond>
<LocList>
<Loc EndOffset="1699" SrcFileId="2" StartOffset="1535"/>
</LocList>
<StmntSeq Intrnl_Id="190">
<LocList>
<Loc EndOffset="1681" SrcFileId="2" StartOffset="1535"/>
<Loc EndOffset="1699" SrcFileId="2" StartOffset="1686"/>
</LocList>
<CondStmnt CovItemId="S19" CovItemPrefix="game.Game.java" Intrnl_Id="191">
<Branch CovItemId="B7" CovItemPrefix="game.Game.java" Implct="false" Intrnl_Id="192">
<Cond/>
<LocList>
<Loc EndOffset="1681" SrcFileId="2" StartOffset="1610"/>
</LocList>
<StmntSeq Intrnl_Id="193">
<LocList>
<Loc EndOffset="1657" SrcFileId="2" StartOffset="1617"/>
<Loc EndOffset="1675" SrcFileId="2" StartOffset="1663"/>
</LocList>
<BasicStmnt CovItemId="S20" CovItemPrefix="game.Game.java" Intrnl_Id="194">
<LocList>
<Loc EndOffset="1657" SrcFileId="2" StartOffset="1617"/>
</LocList>
</BasicStmnt>
<BasicStmnt CovItemId="S21" CovItemPrefix="game.Game.java" Intrnl_Id="195">
<LocList>
<Loc EndOffset="1675" SrcFileId="2" StartOffset="1663"/>
</LocList>
</BasicStmnt>
</StmntSeq>
</Branch>
<Branch CovItemId="B8" CovItemPrefix="game.Game.java" Implct="true" Intrnl_Id="196">
<Cond/>
<LocList/>
<StmntSeq Intrnl_Id="197">
<LocList/>
</StmntSeq>
</Branch>
<Keyword EndOffset="1537" SrcFileId="2" StartOffset="1535"/>
<LocList>
<Loc EndOffset="1681" SrcFileId="2" StartOffset="1535"/>
</LocList>
<RootTerm CovItemId="C3" CovItemPrefix="game.Game.java" Intrnl_Id="198">
<OpTerm BooleanOpId="4" Intrnl_Id="199">
<BasicBoolTerm Intrnl_Id="200">
<LocList>
<Loc EndOffset="1554" SrcFileId="2" StartOffset="1539"/>
</LocList>
</BasicBoolTerm>
<BasicBoolTerm Intrnl_Id="201">
<LocList>
<Loc EndOffset="1608" SrcFileId="2" StartOffset="1558"/>
</LocList>
</BasicBoolTerm>
<LocList>
<Loc EndOffset="1557" SrcFileId="2" StartOffset="1555"/>
</LocList>
</OpTerm>
</RootTerm>
</CondStmnt>
<BasicStmnt CovItemId="S22" CovItemPrefix="game.Game.java" Intrnl_Id="202">
<LocList>
<Loc EndOffset="1699" SrcFileId="2" StartOffset="1686"/>
</LocList>
</BasicStmnt>
</StmntSeq>
</Branch>
<Branch CovItemId="B9" CovItemPrefix="game.Game.java" Implct="false" Intrnl_Id="203">
<Cond>
<Loc EndOffset="1709" SrcFileId="2" StartOffset="1703"/>
</Cond>
<LocList>
<Loc EndOffset="1896" SrcFileId="2" StartOffset="1733"/>
</LocList>
<StmntSeq Intrnl_Id="204">
<LocList>
<Loc EndOffset="1878" SrcFileId="2" StartOffset="1733"/>
<Loc EndOffset="1896" SrcFileId="2" StartOffset="1883"/>
</LocList>
<CondStmnt CovItemId="S23" CovItemPrefix="game.Game.java" Intrnl_Id="205">
<Branch CovItemId="B10" CovItemPrefix="game.Game.java" Implct="false" Intrnl_Id="206">
<Cond/>
<LocList>
<Loc EndOffset="1878" SrcFileId="2" StartOffset="1805"/>
</LocList>
<StmntSeq Intrnl_Id="207">
<LocList>
<Loc EndOffset="1854" SrcFileId="2" StartOffset="1812"/>
<Loc EndOffset="1872" SrcFileId="2" StartOffset="1860"/>
</LocList>
<BasicStmnt CovItemId="S24" CovItemPrefix="game.Game.java" Intrnl_Id="208">
<LocList>
<Loc EndOffset="1854" SrcFileId="2" StartOffset="1812"/>
</LocList>
</BasicStmnt>
<BasicStmnt CovItemId="S25" CovItemPrefix="game.Game.java" Intrnl_Id="209">
<LocList>
<Loc EndOffset="1872" SrcFileId="2" StartOffset="1860"/>
</LocList>
</BasicStmnt>
</StmntSeq>
</Branch>
<Branch CovItemId="B11" CovItemPrefix="game.Game.java" Implct="true" Intrnl_Id="210">
<Cond/>
<LocList/>
<StmntSeq Intrnl_Id="211">
<LocList/>
</StmntSeq>
</Branch>
<Keyword EndOffset="1735" SrcFileId="2" StartOffset="1733"/>
<LocList>
<Loc EndOffset="1878" SrcFileId="2" StartOffset="1733"/>
</LocList>
<RootTerm CovItemId="C4" CovItemPrefix="game.Game.java" Intrnl_Id="212">
<OpTerm BooleanOpId="4" Intrnl_Id="213">
<BasicBoolTerm Intrnl_Id="214">
<LocList>
<Loc EndOffset="1749" SrcFileId="2" StartOffset="1737"/>
</LocList>
</BasicBoolTerm>
<BasicBoolTerm Intrnl_Id="215">
<LocList>
<Loc EndOffset="1803" SrcFileId="2" StartOffset="1753"/>
</LocList>
</BasicBoolTerm>
<LocList>
<Loc EndOffset="1752" SrcFileId="2" StartOffset="1750"/>
</LocList>
</OpTerm>
</RootTerm>
</CondStmnt>
<BasicStmnt CovItemId="S26" CovItemPrefix="game.Game.java" Intrnl_Id="216">
<LocList>
<Loc EndOffset="1896" SrcFileId="2" StartOffset="1883"/>
</LocList>
</BasicStmnt>
</StmntSeq>
</Branch>
<Branch CovItemId="B12" CovItemPrefix="game.Game.java" Implct="false" Intrnl_Id="217">
<Cond>
<Loc EndOffset="1906" SrcFileId="2" StartOffset="1900"/>
</Cond>
<LocList>
<Loc EndOffset="2096" SrcFileId="2" StartOffset="1930"/>
</LocList>
<StmntSeq Intrnl_Id="218">
<LocList>
<Loc EndOffset="2078" SrcFileId="2" StartOffset="1930"/>
<Loc EndOffset="2096" SrcFileId="2" StartOffset="2083"/>
</LocList>
<CondStmnt CovItemId="S27" CovItemPrefix="game.Game.java" Intrnl_Id="219">
<Branch CovItemId="B13" CovItemPrefix="game.Game.java" Implct="false" Intrnl_Id="220">
<Cond/>
<LocList>
<Loc EndOffset="2078" SrcFileId="2" StartOffset="2005"/>
</LocList>
<StmntSeq Intrnl_Id="221">
<LocList>
<Loc EndOffset="2054" SrcFileId="2" StartOffset="2012"/>
<Loc EndOffset="2072" SrcFileId="2" StartOffset="2060"/>
</LocList>
<BasicStmnt CovItemId="S28" CovItemPrefix="game.Game.java" Intrnl_Id="222">
<LocList>
<Loc EndOffset="2054" SrcFileId="2" StartOffset="2012"/>
</LocList>
</BasicStmnt>
<BasicStmnt CovItemId="S29" CovItemPrefix="game.Game.java" Intrnl_Id="223">
<LocList>
<Loc EndOffset="2072" SrcFileId="2" StartOffset="2060"/>
</LocList>
</BasicStmnt>
</StmntSeq>
</Branch>
<Branch CovItemId="B14" CovItemPrefix="game.Game.java" Implct="true" Intrnl_Id="224">
<Cond/>
<LocList/>
<StmntSeq Intrnl_Id="225">
<LocList/>
</StmntSeq>
</Branch>
<Keyword EndOffset="1932" SrcFileId="2" StartOffset="1930"/>
<LocList>
<Loc EndOffset="2078" SrcFileId="2" StartOffset="1930"/>
</LocList>
<RootTerm CovItemId="C5" CovItemPrefix="game.Game.java" Intrnl_Id="226">
<OpTerm BooleanOpId="4" Intrnl_Id="227">
<BasicBoolTerm Intrnl_Id="228">
<LocList>
<Loc EndOffset="1949" SrcFileId="2" StartOffset="1934"/>
</LocList>
</BasicBoolTerm>
<BasicBoolTerm Intrnl_Id="229">
<LocList>
<Loc EndOffset="2003" SrcFileId="2" StartOffset="1953"/>
</LocList>
</BasicBoolTerm>
<LocList>
<Loc EndOffset="1952" SrcFileId="2" StartOffset="1950"/>
</LocList>
</OpTerm>
</RootTerm>
</CondStmnt>
<BasicStmnt CovItemId="S30" CovItemPrefix="game.Game.java" Intrnl_Id="230">
<LocList>
<Loc EndOffset="2096" SrcFileId="2" StartOffset="2083"/>
</LocList>
</BasicStmnt>
</StmntSeq>
</Branch>
<Branch CovItemId="B15" CovItemPrefix="game.Game.java" Implct="false" Intrnl_Id="231">
<Cond>
<Loc EndOffset="2107" SrcFileId="2" StartOffset="2100"/>
</Cond>
<LocList>
<Loc EndOffset="2126" SrcFileId="2" StartOffset="2113"/>
</LocList>
<StmntSeq Intrnl_Id="232">
<LocList>
<Loc EndOffset="2126" SrcFileId="2" StartOffset="2113"/>
</LocList>
<BasicStmnt CovItemId="S31" CovItemPrefix="game.Game.java" Intrnl_Id="233">
<LocList>
<Loc EndOffset="2126" SrcFileId="2" StartOffset="2113"/>
</LocList>
</BasicStmnt>
</StmntSeq>
</Branch>
<Keyword EndOffset="1301" SrcFileId="2" StartOffset="1295"/>
<LocList>
<Loc EndOffset="2131" SrcFileId="2" StartOffset="1295"/>
</LocList>
</CondStmnt>
</StmntSeq>
</HierarchyLvl>
<HierarchyLvl HierarchyLvlId="160" HierarchyLvlTypeId="7" Intrnl_Id="234" Name="switchPiece">
<Header>
<Loc EndOffset="2228" SrcFileId="2" StartOffset="2158"/>
</Header>
<LocList>
<Loc EndOffset="2795" SrcFileId="2" StartOffset="2158"/>
</LocList>
<StmntSeq Intrnl_Id="235">
<LocList>
<Loc EndOffset="2335" SrcFileId="2" StartOffset="2284"/>
<Loc EndOffset="2435" SrcFileId="2" StartOffset="2397"/>
<Loc EndOffset="2567" SrcFileId="2" StartOffset="2515"/>
<Loc EndOffset="2602" SrcFileId="2" StartOffset="2571"/>
<Loc EndOffset="2791" SrcFileId="2" StartOffset="2752"/>
</LocList>
<BasicStmnt CovItemId="S32" CovItemPrefix="game.Game.java" Intrnl_Id="236">
<LocList>
<Loc EndOffset="2335" SrcFileId="2" StartOffset="2284"/>
</LocList>
</BasicStmnt>
<BasicStmnt CovItemId="S33" CovItemPrefix="game.Game.java" Intrnl_Id="237">
<LocList>
<Loc EndOffset="2435" SrcFileId="2" StartOffset="2397"/>
</LocList>
</BasicStmnt>
<BasicStmnt CovItemId="S34" CovItemPrefix="game.Game.java" Intrnl_Id="238">
<LocList>
<Loc EndOffset="2567" SrcFileId="2" StartOffset="2515"/>
</LocList>
</BasicStmnt>
<BasicStmnt CovItemId="S35" CovItemPrefix="game.Game.java" Intrnl_Id="239">
<LocList>
<Loc EndOffset="2602" SrcFileId="2" StartOffset="2571"/>
</LocList>
</BasicStmnt>
<BasicStmnt CovItemId="S36" CovItemPrefix="game.Game.java" Intrnl_Id="240">
<LocList>
<Loc EndOffset="2791" SrcFileId="2" StartOffset="2752"/>
</LocList>
</BasicStmnt>
</StmntSeq>
</HierarchyLvl>
<HierarchyLvl HierarchyLvlId="161" HierarchyLvlTypeId="7" Intrnl_Id="241" Name="push">
<Header>
<Loc EndOffset="3074" SrcFileId="2" StartOffset="3014"/>
</Header>
<LocList>
<Loc EndOffset="4575" SrcFileId="2" StartOffset="3014"/>
</LocList>
<StmntSeq Intrnl_Id="242">
<LocList>
<Loc EndOffset="3257" SrcFileId="2" StartOffset="3160"/>
<Loc EndOffset="4554" SrcFileId="2" StartOffset="3261"/>
<Loc EndOffset="4571" SrcFileId="2" StartOffset="4558"/>
</LocList>
<CondStmnt CovItemId="S37" CovItemPrefix="game.Game.java" Intrnl_Id="243">
<Branch CovItemId="B16" CovItemPrefix="game.Game.java" Implct="false" Intrnl_Id="244">
<Cond/>
<LocList>
<Loc EndOffset="3257" SrcFileId="2" StartOffset="3194"/>
</LocList>
<StmntSeq Intrnl_Id="245">
<LocList>
<Loc EndOffset="3213" SrcFileId="2" StartOffset="3200"/>
</LocList>
<BasicStmnt CovItemId="S38" CovItemPrefix="game.Game.java" Intrnl_Id="246">
<LocList>
<Loc EndOffset="3213" SrcFileId="2" StartOffset="3200"/>
</LocList>
</BasicStmnt>
</StmntSeq>
</Branch>
<Branch CovItemId="B17" CovItemPrefix="game.Game.java" Implct="true" Intrnl_Id="247">
<Cond/>
<LocList/>
<StmntSeq Intrnl_Id="248">
<LocList/>
</StmntSeq>
</Branch>
<Keyword EndOffset="3162" SrcFileId="2" StartOffset="3160"/>
<LocList>
<Loc EndOffset="3257" SrcFileId="2" StartOffset="3160"/>
</LocList>
<RootTerm CovItemId="C6" CovItemPrefix="game.Game.java" Intrnl_Id="249">
<BasicBoolTerm Intrnl_Id="250">
<LocList>
<Loc EndOffset="3193" SrcFileId="2" StartOffset="3164"/>
</LocList>
</BasicBoolTerm>
</RootTerm>
</CondStmnt>
<CondStmnt CovItemId="S39" CovItemPrefix="game.Game.java" Intrnl_Id="251">
<Branch CovItemId="B18" CovItemPrefix="game.Game.java" Implct="false" Intrnl_Id="252">
<Cond>
<Loc EndOffset="3286" SrcFileId="2" StartOffset="3280"/>
</Cond>
<LocList>
<Loc EndOffset="3656" SrcFileId="2" StartOffset="3329"/>
</LocList>
<StmntSeq Intrnl_Id="253">
<LocList>
<Loc EndOffset="3645" SrcFileId="2" StartOffset="3329"/>
<Loc EndOffset="3656" SrcFileId="2" StartOffset="3650"/>
</LocList>
<CondStmnt CovItemId="S40" CovItemPrefix="game.Game.java" Intrnl_Id="254">
<Branch CovItemId="B19" CovItemPrefix="game.Game.java" Implct="false" Intrnl_Id="255">
<Cond/>
<LocList>
<Loc EndOffset="3645" SrcFileId="2" StartOffset="3362"/>
</LocList>
<StmntSeq Intrnl_Id="256">
<LocList>
<Loc EndOffset="3503" SrcFileId="2" StartOffset="3464"/>
<Loc EndOffset="3639" SrcFileId="2" StartOffset="3627"/>
</LocList>
<BasicStmnt CovItemId="S41" CovItemPrefix="game.Game.java" Intrnl_Id="257">
<LocList>
<Loc EndOffset="3503" SrcFileId="2" StartOffset="3464"/>
</LocList>
</BasicStmnt>
<BasicStmnt CovItemId="S42" CovItemPrefix="game.Game.java" Intrnl_Id="258">
<LocList>
<Loc EndOffset="3639" SrcFileId="2" StartOffset="3627"/>
</LocList>
</BasicStmnt>
</StmntSeq>
</Branch>
<Branch CovItemId="B20" CovItemPrefix="game.Game.java" Implct="true" Intrnl_Id="259">
<Cond/>
<LocList/>
<StmntSeq Intrnl_Id="260">
<LocList/>
</StmntSeq>
</Branch>
<Keyword EndOffset="3331" SrcFileId="2" StartOffset="3329"/>
<LocList>
<Loc EndOffset="3645" SrcFileId="2" StartOffset="3329"/>
</LocList>
<RootTerm CovItemId="C7" CovItemPrefix="game.Game.java" Intrnl_Id="261">
<BasicBoolTerm Intrnl_Id="262">
<LocList>
<Loc EndOffset="3360" SrcFileId="2" StartOffset="3333"/>
</LocList>
</BasicBoolTerm>
</RootTerm>
</CondStmnt>
<BasicStmnt CovItemId="S43" CovItemPrefix="game.Game.java" Intrnl_Id="263">
<LocList>
<Loc EndOffset="3656" SrcFileId="2" StartOffset="3650"/>
</LocList>
</BasicStmnt>
</StmntSeq>
</Branch>
<Branch CovItemId="B21" CovItemPrefix="game.Game.java" Implct="false" Intrnl_Id="264">
<Cond>
<Loc EndOffset="3666" SrcFileId="2" StartOffset="3660"/>
</Cond>
<LocList>
<Loc EndOffset="3950" SrcFileId="2" StartOffset="3709"/>
</LocList>
<StmntSeq Intrnl_Id="265">
<LocList>
<Loc EndOffset="3939" SrcFileId="2" StartOffset="3709"/>
<Loc EndOffset="3950" SrcFileId="2" StartOffset="3944"/>
</LocList>
<CondStmnt CovItemId="S44" CovItemPrefix="game.Game.java" Intrnl_Id="266">
<Branch CovItemId="B22" CovItemPrefix="game.Game.java" Implct="false" Intrnl_Id="267">
<Cond/>
<LocList>
<Loc EndOffset="3939" SrcFileId="2" StartOffset="3742"/>
</LocList>
<StmntSeq Intrnl_Id="268">
<LocList>
<Loc EndOffset="3881" SrcFileId="2" StartOffset="3842"/>
<Loc EndOffset="3933" SrcFileId="2" StartOffset="3921"/>
</LocList>
<BasicStmnt CovItemId="S45" CovItemPrefix="game.Game.java" Intrnl_Id="269">
<LocList>
<Loc EndOffset="3881" SrcFileId="2" StartOffset="3842"/>
</LocList>
</BasicStmnt>
<BasicStmnt CovItemId="S46" CovItemPrefix="game.Game.java" Intrnl_Id="270">
<LocList>
<Loc EndOffset="3933" SrcFileId="2" StartOffset="3921"/>
</LocList>
</BasicStmnt>
</StmntSeq>
</Branch>
<Branch CovItemId="B23" CovItemPrefix="game.Game.java" Implct="true" Intrnl_Id="271">
<Cond/>
<LocList/>
<StmntSeq Intrnl_Id="272">
<LocList/>
</StmntSeq>
</Branch>
<Keyword EndOffset="3711" SrcFileId="2" StartOffset="3709"/>
<LocList>
<Loc EndOffset="3939" SrcFileId="2" StartOffset="3709"/>
</LocList>
<RootTerm CovItemId="C8" CovItemPrefix="game.Game.java" Intrnl_Id="273">
<BasicBoolTerm Intrnl_Id="274">
<LocList>
<Loc EndOffset="3740" SrcFileId="2" StartOffset="3713"/>
</LocList>
</BasicBoolTerm>
</RootTerm>
</CondStmnt>
<BasicStmnt CovItemId="S47" CovItemPrefix="game.Game.java" Intrnl_Id="275">
<LocList>
<Loc EndOffset="3950" SrcFileId="2" StartOffset="3944"/>
</LocList>
</BasicStmnt>
</StmntSeq>
</Branch>
<Branch CovItemId="B24" CovItemPrefix="game.Game.java" Implct="false" Intrnl_Id="276">
<Cond>
<Loc EndOffset="3960" SrcFileId="2" StartOffset="3954"/>
</Cond>
<LocList>
<Loc EndOffset="4248" SrcFileId="2" StartOffset="4002"/>
</LocList>
<StmntSeq Intrnl_Id="277">
<LocList>
<Loc EndOffset="4237" SrcFileId="2" StartOffset="4002"/>
<Loc EndOffset="4248" SrcFileId="2" StartOffset="4242"/>
</LocList>
<CondStmnt CovItemId="S48" CovItemPrefix="game.Game.java" Intrnl_Id="278">
<Branch CovItemId="B25" CovItemPrefix="game.Game.java" Implct="false" Intrnl_Id="279">
<Cond/>
<LocList>
<Loc EndOffset="4237" SrcFileId="2" StartOffset="4035"/>
</LocList>
<StmntSeq Intrnl_Id="280">
<LocList>
<Loc EndOffset="4179" SrcFileId="2" StartOffset="4140"/>
<Loc EndOffset="4231" SrcFileId="2" StartOffset="4219"/>
</LocList>
<BasicStmnt CovItemId="S49" CovItemPrefix="game.Game.java" Intrnl_Id="281">
<LocList>
<Loc EndOffset="4179" SrcFileId="2" StartOffset="4140"/>
</LocList>
</BasicStmnt>
<BasicStmnt CovItemId="S50" CovItemPrefix="game.Game.java" Intrnl_Id="282">
<LocList>
<Loc EndOffset="4231" SrcFileId="2" StartOffset="4219"/>
</LocList>
</BasicStmnt>
</StmntSeq>
</Branch>
<Branch CovItemId="B26" CovItemPrefix="game.Game.java" Implct="true" Intrnl_Id="283">
<Cond/>
<LocList/>
<StmntSeq Intrnl_Id="284">
<LocList/>
</StmntSeq>
</Branch>
<Keyword EndOffset="4004" SrcFileId="2" StartOffset="4002"/>
<LocList>
<Loc EndOffset="4237" SrcFileId="2" StartOffset="4002"/>
</LocList>
<RootTerm CovItemId="C9" CovItemPrefix="game.Game.java" Intrnl_Id="285">
<BasicBoolTerm Intrnl_Id="286">
<LocList>
<Loc EndOffset="4033" SrcFileId="2" StartOffset="4006"/>
</LocList>
</BasicBoolTerm>
</RootTerm>
</CondStmnt>
<BasicStmnt CovItemId="S51" CovItemPrefix="game.Game.java" Intrnl_Id="287">
<LocList>
<Loc EndOffset="4248" SrcFileId="2" StartOffset="4242"/>
</LocList>
</BasicStmnt>
</StmntSeq>
</Branch>
<Branch CovItemId="B27" CovItemPrefix="game.Game.java" Implct="false" Intrnl_Id="288">
<Cond>
<Loc EndOffset="4258" SrcFileId="2" StartOffset="4252"/>
</Cond>
<LocList>
<Loc EndOffset="4549" SrcFileId="2" StartOffset="4301"/>
</LocList>
<StmntSeq Intrnl_Id="289">
<LocList>
<Loc EndOffset="4538" SrcFileId="2" StartOffset="4301"/>
<Loc EndOffset="4549" SrcFileId="2" StartOffset="4543"/>
</LocList>
<CondStmnt CovItemId="S52" CovItemPrefix="game.Game.java" Intrnl_Id="290">
<Branch CovItemId="B28" CovItemPrefix="game.Game.java" Implct="false" Intrnl_Id="291">
<Cond/>
<LocList>
<Loc EndOffset="4538" SrcFileId="2" StartOffset="4334"/>
</LocList>
<StmntSeq Intrnl_Id="292">
<LocList>
<Loc EndOffset="4480" SrcFileId="2" StartOffset="4441"/>
<Loc EndOffset="4532" SrcFileId="2" StartOffset="4520"/>
</LocList>
<BasicStmnt CovItemId="S53" CovItemPrefix="game.Game.java" Intrnl_Id="293">
<LocList>
<Loc EndOffset="4480" SrcFileId="2" StartOffset="4441"/>
</LocList>
</BasicStmnt>
<BasicStmnt CovItemId="S54" CovItemPrefix="game.Game.java" Intrnl_Id="294">
<LocList>
<Loc EndOffset="4532" SrcFileId="2" StartOffset="4520"/>
</LocList>
</BasicStmnt>
</StmntSeq>
</Branch>
<Branch CovItemId="B29" CovItemPrefix="game.Game.java" Implct="true" Intrnl_Id="295">
<Cond/>
<LocList/>
<StmntSeq Intrnl_Id="296">
<LocList/>
</StmntSeq>
</Branch>
<Keyword EndOffset="4303" SrcFileId="2" StartOffset="4301"/>
<LocList>
<Loc EndOffset="4538" SrcFileId="2" StartOffset="4301"/>
</LocList>
<RootTerm CovItemId="C10" CovItemPrefix="game.Game.java" Intrnl_Id="297">
<BasicBoolTerm Intrnl_Id="298">
<LocList>
<Loc EndOffset="4332" SrcFileId="2" StartOffset="4305"/>
</LocList>
</BasicBoolTerm>
</RootTerm>
</CondStmnt>
<BasicStmnt CovItemId="S55" CovItemPrefix="game.Game.java" Intrnl_Id="299">
<LocList>
<Loc EndOffset="4549" SrcFileId="2" StartOffset="4543"/>
</LocList>
</BasicStmnt>
</StmntSeq>
</Branch>
<Branch CovItemId="B30" CovItemPrefix="game.Game.java" Implct="true" Intrnl_Id="300">
<Cond/>
<LocList/>
<StmntSeq Intrnl_Id="301">
<LocList/>
</StmntSeq>
</Branch>
<Keyword EndOffset="3267" SrcFileId="2" StartOffset="3261"/>
<LocList>
<Loc EndOffset="4554" SrcFileId="2" StartOffset="3261"/>
</LocList>
</CondStmnt>
<BasicStmnt CovItemId="S56" CovItemPrefix="game.Game.java" Intrnl_Id="302">
<LocList>
<Loc EndOffset="4571" SrcFileId="2" StartOffset="4558"/>
</LocList>
</BasicStmnt>
</StmntSeq>
</HierarchyLvl>
<HierarchyLvl HierarchyLvlId="162" HierarchyLvlTypeId="7" Intrnl_Id="303" Name="pull">
<Header>
<Loc EndOffset="4963" SrcFileId="2" StartOffset="4908"/>
</Header>
<LocList>
<Loc EndOffset="6089" SrcFileId="2" StartOffset="4908"/>
</LocList>
<StmntSeq Intrnl_Id="304">
<LocList>
<Loc EndOffset="5061" SrcFileId="2" StartOffset="5016"/>
<Loc EndOffset="6068" SrcFileId="2" StartOffset="5119"/>
<Loc EndOffset="6085" SrcFileId="2" StartOffset="6072"/>
</LocList>
<CondStmnt CovItemId="S57" CovItemPrefix="game.Game.java" Intrnl_Id="305">
<Branch CovItemId="B31" CovItemPrefix="game.Game.java" Implct="false" Intrnl_Id="306">
<Cond/>
<LocList>
<Loc EndOffset="5061" SrcFileId="2" StartOffset="5048"/>
</LocList>
<StmntSeq Intrnl_Id="307">
<LocList>
<Loc EndOffset="5061" SrcFileId="2" StartOffset="5048"/>
</LocList>
<BasicStmnt CovItemId="S58" CovItemPrefix="game.Game.java" Intrnl_Id="308">
<LocList>
<Loc EndOffset="5061" SrcFileId="2" StartOffset="5048"/>
</LocList>
</BasicStmnt>
</StmntSeq>
</Branch>
<Branch CovItemId="B32" CovItemPrefix="game.Game.java" Implct="true" Intrnl_Id="309">
<Cond/>
<LocList/>
<StmntSeq Intrnl_Id="310">
<LocList/>
</StmntSeq>
</Branch>
<Keyword EndOffset="5018" SrcFileId="2" StartOffset="5016"/>
<LocList>
<Loc EndOffset="5061" SrcFileId="2" StartOffset="5016"/>
</LocList>
<RootTerm CovItemId="C11" CovItemPrefix="game.Game.java" Intrnl_Id="311">
<BasicBoolTerm Intrnl_Id="312">
<LocList>
<Loc EndOffset="5046" SrcFileId="2" StartOffset="5019"/>
</LocList>
</BasicBoolTerm>
</RootTerm>
</CondStmnt>
<CondStmnt CovItemId="S59" CovItemPrefix="game.Game.java" Intrnl_Id="313">
<Branch CovItemId="B33" CovItemPrefix="game.Game.java" Implct="false" Intrnl_Id="314">
<Cond>
<Loc EndOffset="5147" SrcFileId="2" StartOffset="5141"/>
</Cond>
<LocList>
<Loc EndOffset="5369" SrcFileId="2" StartOffset="5153"/>
</LocList>
<StmntSeq Intrnl_Id="315">
<LocList>
<Loc EndOffset="5358" SrcFileId="2" StartOffset="5153"/>
<Loc EndOffset="5369" SrcFileId="2" StartOffset="5363"/>
</LocList>
<CondStmnt CovItemId="S60" CovItemPrefix="game.Game.java" Intrnl_Id="316">
<Branch CovItemId="B34" CovItemPrefix="game.Game.java" Implct="false" Intrnl_Id="317">
<Cond/>
<LocList>
<Loc EndOffset="5358" SrcFileId="2" StartOffset="5294"/>
</LocList>
<StmntSeq Intrnl_Id="318">
<LocList>
<Loc EndOffset="5334" SrcFileId="2" StartOffset="5301"/>
<Loc EndOffset="5352" SrcFileId="2" StartOffset="5340"/>
</LocList>
<BasicStmnt CovItemId="S61" CovItemPrefix="game.Game.java" Intrnl_Id="319">
<LocList>
<Loc EndOffset="5334" SrcFileId="2" StartOffset="5301"/>
</LocList>
</BasicStmnt>
<BasicStmnt CovItemId="S62" CovItemPrefix="game.Game.java" Intrnl_Id="320">
<LocList>
<Loc EndOffset="5352" SrcFileId="2" StartOffset="5340"/>
</LocList>
</BasicStmnt>
</StmntSeq>
</Branch>
<Branch CovItemId="B35" CovItemPrefix="game.Game.java" Implct="true" Intrnl_Id="321">
<Cond/>
<LocList/>
<StmntSeq Intrnl_Id="322">
<LocList/>
</StmntSeq>
</Branch>
<Keyword EndOffset="5155" SrcFileId="2" StartOffset="5153"/>
<LocList>
<Loc EndOffset="5358" SrcFileId="2" StartOffset="5153"/>
</LocList>
<RootTerm CovItemId="C12" CovItemPrefix="game.Game.java" Intrnl_Id="323">
<OpTerm BooleanOpId="4" Intrnl_Id="324">
<OpTerm BooleanOpId="4" Intrnl_Id="325">
<BasicBoolTerm Intrnl_Id="326">
<LocList>
<Loc EndOffset="5186" SrcFileId="2" StartOffset="5157"/>
</LocList>
</BasicBoolTerm>
<BasicBoolTerm Intrnl_Id="327">
<LocList>
<Loc EndOffset="5260" SrcFileId="2" StartOffset="5190"/>
</LocList>
</BasicBoolTerm>
<LocList>
<Loc EndOffset="5189" SrcFileId="2" StartOffset="5187"/>
</LocList>
</OpTerm>
<BasicBoolTerm Intrnl_Id="328">
<LocList>
<Loc EndOffset="5292" SrcFileId="2" StartOffset="5264"/>
</LocList>
</BasicBoolTerm>
<LocList>
<Loc EndOffset="5263" SrcFileId="2" StartOffset="5261"/>
</LocList>
</OpTerm>
</RootTerm>
</CondStmnt>
<BasicStmnt CovItemId="S63" CovItemPrefix="game.Game.java" Intrnl_Id="329">
<LocList>
<Loc EndOffset="5369" SrcFileId="2" StartOffset="5363"/>
</LocList>
</BasicStmnt>
</StmntSeq>
</Branch>
<Branch CovItemId="B36" CovItemPrefix="game.Game.java" Implct="false" Intrnl_Id="330">
<Cond>
<Loc EndOffset="5379" SrcFileId="2" StartOffset="5373"/>
</Cond>
<LocList>
<Loc EndOffset="5601" SrcFileId="2" StartOffset="5385"/>
</LocList>
<StmntSeq Intrnl_Id="331">
<LocList>
<Loc EndOffset="5590" SrcFileId="2" StartOffset="5385"/>
<Loc EndOffset="5601" SrcFileId="2" StartOffset="5595"/>
</LocList>
<CondStmnt CovItemId="S64" CovItemPrefix="game.Game.java" Intrnl_Id="332">
<Branch CovItemId="B37" CovItemPrefix="game.Game.java" Implct="false" Intrnl_Id="333">
<Cond/>
<LocList>
<Loc EndOffset="5590" SrcFileId="2" StartOffset="5526"/>
</LocList>
<StmntSeq Intrnl_Id="334">
<LocList>
<Loc EndOffset="5566" SrcFileId="2" StartOffset="5533"/>
<Loc EndOffset="5584" SrcFileId="2" StartOffset="5572"/>
</LocList>
<BasicStmnt CovItemId="S65" CovItemPrefix="game.Game.java" Intrnl_Id="335">
<LocList>
<Loc EndOffset="5566" SrcFileId="2" StartOffset="5533"/>
</LocList>
</BasicStmnt>
<BasicStmnt CovItemId="S66" CovItemPrefix="game.Game.java" Intrnl_Id="336">
<LocList>
<Loc EndOffset="5584" SrcFileId="2" StartOffset="5572"/>
</LocList>
</BasicStmnt>
</StmntSeq>
</Branch>
<Branch CovItemId="B38" CovItemPrefix="game.Game.java" Implct="true" Intrnl_Id="337">
<Cond/>
<LocList/>
<StmntSeq Intrnl_Id="338">
<LocList/>
</StmntSeq>
</Branch>
<Keyword EndOffset="5387" SrcFileId="2" StartOffset="5385"/>
<LocList>
<Loc EndOffset="5590" SrcFileId="2" StartOffset="5385"/>
</LocList>
<RootTerm CovItemId="C13" CovItemPrefix="game.Game.java" Intrnl_Id="339">
<OpTerm BooleanOpId="4" Intrnl_Id="340">
<OpTerm BooleanOpId="4" Intrnl_Id="341">
<BasicBoolTerm Intrnl_Id="342">
<LocList>
<Loc EndOffset="5418" SrcFileId="2" StartOffset="5389"/>
</LocList>
</BasicBoolTerm>
<BasicBoolTerm Intrnl_Id="343">
<LocList>
<Loc EndOffset="5492" SrcFileId="2" StartOffset="5422"/>
</LocList>
</BasicBoolTerm>
<LocList>
<Loc EndOffset="5421" SrcFileId="2" StartOffset="5419"/>
</LocList>
</OpTerm>
<BasicBoolTerm Intrnl_Id="344">
<LocList>
<Loc EndOffset="5524" SrcFileId="2" StartOffset="5496"/>
</LocList>
</BasicBoolTerm>
<LocList>
<Loc EndOffset="5495" SrcFileId="2" StartOffset="5493"/>
</LocList>
</OpTerm>
</RootTerm>
</CondStmnt>
<BasicStmnt CovItemId="S67" CovItemPrefix="game.Game.java" Intrnl_Id="345">
<LocList>
<Loc EndOffset="5601" SrcFileId="2" StartOffset="5595"/>
</LocList>
</BasicStmnt>
</StmntSeq>
</Branch>
<Branch CovItemId="B39" CovItemPrefix="game.Game.java" Implct="false" Intrnl_Id="346">
<Cond>
<Loc EndOffset="5611" SrcFileId="2" StartOffset="5605"/>
</Cond>
<LocList>
<Loc EndOffset="5831" SrcFileId="2" StartOffset="5617"/>
</LocList>
<StmntSeq Intrnl_Id="347">
<LocList>
<Loc EndOffset="5820" SrcFileId="2" StartOffset="5617"/>
<Loc EndOffset="5831" SrcFileId="2" StartOffset="5825"/>
</LocList>
<CondStmnt CovItemId="S68" CovItemPrefix="game.Game.java" Intrnl_Id="348">
<Branch CovItemId="B40" CovItemPrefix="game.Game.java" Implct="false" Intrnl_Id="349">
<Cond/>
<LocList>
<Loc EndOffset="5820" SrcFileId="2" StartOffset="5756"/>
</LocList>
<StmntSeq Intrnl_Id="350">
<LocList>
<Loc EndOffset="5796" SrcFileId="2" StartOffset="5763"/>
<Loc EndOffset="5814" SrcFileId="2" StartOffset="5802"/>
</LocList>
<BasicStmnt CovItemId="S69" CovItemPrefix="game.Game.java" Intrnl_Id="351">
<LocList>
<Loc EndOffset="5796" SrcFileId="2" StartOffset="5763"/>
</LocList>
</BasicStmnt>
<BasicStmnt CovItemId="S70" CovItemPrefix="game.Game.java" Intrnl_Id="352">
<LocList>
<Loc EndOffset="5814" SrcFileId="2" StartOffset="5802"/>
</LocList>
</BasicStmnt>
</StmntSeq>
</Branch>
<Branch CovItemId="B41" CovItemPrefix="game.Game.java" Implct="true" Intrnl_Id="353">
<Cond/>
<LocList/>
<StmntSeq Intrnl_Id="354">
<LocList/>
</StmntSeq>
</Branch>
<Keyword EndOffset="5619" SrcFileId="2" StartOffset="5617"/>
<LocList>
<Loc EndOffset="5820" SrcFileId="2" StartOffset="5617"/>
</LocList>
<RootTerm CovItemId="C14" CovItemPrefix="game.Game.java" Intrnl_Id="355">
<OpTerm BooleanOpId="4" Intrnl_Id="356">
<OpTerm BooleanOpId="4" Intrnl_Id="357">
<BasicBoolTerm Intrnl_Id="358">
<LocList>
<Loc EndOffset="5649" SrcFileId="2" StartOffset="5620"/>
</LocList>
</BasicBoolTerm>
<BasicBoolTerm Intrnl_Id="359">
<LocList>
<Loc EndOffset="5723" SrcFileId="2" StartOffset="5653"/>
</LocList>
</BasicBoolTerm>
<LocList>
<Loc EndOffset="5652" SrcFileId="2" StartOffset="5650"/>
</LocList>
</OpTerm>
<BasicBoolTerm Intrnl_Id="360">
<LocList>
<Loc EndOffset="5755" SrcFileId="2" StartOffset="5727"/>
</LocList>
</BasicBoolTerm>
<LocList>
<Loc EndOffset="5726" SrcFileId="2" StartOffset="5724"/>
</LocList>
</OpTerm>
</RootTerm>
</CondStmnt>
<BasicStmnt CovItemId="S71" CovItemPrefix="game.Game.java" Intrnl_Id="361">
<LocList>
<Loc EndOffset="5831" SrcFileId="2" StartOffset="5825"/>
</LocList>
</BasicStmnt>
</StmntSeq>
</Branch>
<Branch CovItemId="B42" CovItemPrefix="game.Game.java" Implct="false" Intrnl_Id="362">
<Cond>
<Loc EndOffset="5841" SrcFileId="2" StartOffset="5835"/>
</Cond>
<LocList>
<Loc EndOffset="6063" SrcFileId="2" StartOffset="5847"/>
</LocList>
<StmntSeq Intrnl_Id="363">
<LocList>
<Loc EndOffset="6052" SrcFileId="2" StartOffset="5847"/>
<Loc EndOffset="6063" SrcFileId="2" StartOffset="6057"/>
</LocList>
<CondStmnt CovItemId="S72" CovItemPrefix="game.Game.java" Intrnl_Id="364">
<Branch CovItemId="B43" CovItemPrefix="game.Game.java" Implct="false" Intrnl_Id="365">
<Cond/>
<LocList>
<Loc EndOffset="6052" SrcFileId="2" StartOffset="5988"/>
</LocList>
<StmntSeq Intrnl_Id="366">
<LocList>
<Loc EndOffset="6028" SrcFileId="2" StartOffset="5995"/>
<Loc EndOffset="6046" SrcFileId="2" StartOffset="6034"/>
</LocList>
<BasicStmnt CovItemId="S73" CovItemPrefix="game.Game.java" Intrnl_Id="367">
<LocList>
<Loc EndOffset="6028" SrcFileId="2" StartOffset="5995"/>
</LocList>
</BasicStmnt>
<BasicStmnt CovItemId="S74" CovItemPrefix="game.Game.java" Intrnl_Id="368">
<LocList>
<Loc EndOffset="6046" SrcFileId="2" StartOffset="6034"/>
</LocList>
</BasicStmnt>
</StmntSeq>
</Branch>
<Branch CovItemId="B44" CovItemPrefix="game.Game.java" Implct="true" Intrnl_Id="369">
<Cond/>
<LocList/>
<StmntSeq Intrnl_Id="370">
<LocList/>
</StmntSeq>
</Branch>
<Keyword EndOffset="5849" SrcFileId="2" StartOffset="5847"/>
<LocList>
<Loc EndOffset="6052" SrcFileId="2" StartOffset="5847"/>
</LocList>
<RootTerm CovItemId="C15" CovItemPrefix="game.Game.java" Intrnl_Id="371">
<OpTerm BooleanOpId="4" Intrnl_Id="372">
<OpTerm BooleanOpId="4" Intrnl_Id="373">
<BasicBoolTerm Intrnl_Id="374">
<LocList>
<Loc EndOffset="5880" SrcFileId="2" StartOffset="5851"/>
</LocList>
</BasicBoolTerm>
<BasicBoolTerm Intrnl_Id="375">
<LocList>
<Loc EndOffset="5954" SrcFileId="2" StartOffset="5884"/>
</LocList>
</BasicBoolTerm>
<LocList>
<Loc EndOffset="5883" SrcFileId="2" StartOffset="5881"/>
</LocList>
</OpTerm>
<BasicBoolTerm Intrnl_Id="376">
<LocList>
<Loc EndOffset="5986" SrcFileId="2" StartOffset="5958"/>
</LocList>
</BasicBoolTerm>
<LocList>
<Loc EndOffset="5957" SrcFileId="2" StartOffset="5955"/>
</LocList>
</OpTerm>
</RootTerm>
</CondStmnt>
<BasicStmnt CovItemId="S75" CovItemPrefix="game.Game.java" Intrnl_Id="377">
<LocList>
<Loc EndOffset="6063" SrcFileId="2" StartOffset="6057"/>
</LocList>
</BasicStmnt>
</StmntSeq>
</Branch>
<Branch CovItemId="B45" CovItemPrefix="game.Game.java" Implct="true" Intrnl_Id="378">
<Cond/>
<LocList/>
<StmntSeq Intrnl_Id="379">
<LocList/>
</StmntSeq>
</Branch>
<Keyword EndOffset="5125" SrcFileId="2" StartOffset="5119"/>
<LocList>
<Loc EndOffset="6068" SrcFileId="2" StartOffset="5119"/>
</LocList>
</CondStmnt>
<BasicStmnt CovItemId="S76" CovItemPrefix="game.Game.java" Intrnl_Id="380">
<LocList>
<Loc EndOffset="6085" SrcFileId="2" StartOffset="6072"/>
</LocList>
</BasicStmnt>
</StmntSeq>
</HierarchyLvl>
</HierarchyLvl>
<HierarchyLvl HierarchyLvlId="171" HierarchyLvlTypeId="8" Intrnl_Id="381" Name="BoardState">
<Header>
<Loc EndOffset="129" SrcFileId="3" StartOffset="106"/>
</Header>
<LocList>
<Loc EndOffset="804" SrcFileId="3" StartOffset="106"/>
</LocList>
<HierarchyLvl HierarchyLvlId="164" HierarchyLvlTypeId="7" Intrnl_Id="382" Name="BoardState">
<Header>
<Loc EndOffset="296" SrcFileId="3" StartOffset="249"/>
</Header>
<LocList>
<Loc EndOffset="360" SrcFileId="3" StartOffset="249"/>
</LocList>
<StmntSeq Intrnl_Id="383">
<LocList>
<Loc EndOffset="323" SrcFileId="3" StartOffset="301"/>
<Loc EndOffset="356" SrcFileId="3" StartOffset="327"/>
</LocList>
<BasicStmnt CovItemId="S1" CovItemPrefix="game.BoardState.java" Intrnl_Id="384">
<LocList>
<Loc EndOffset="323" SrcFileId="3" StartOffset="301"/>
</LocList>
</BasicStmnt>
<BasicStmnt CovItemId="S2" CovItemPrefix="game.BoardState.java" Intrnl_Id="385">
<LocList>
<Loc EndOffset="356" SrcFileId="3" StartOffset="327"/>
</LocList>
</BasicStmnt>
</StmntSeq>
</HierarchyLvl>
<HierarchyLvl HierarchyLvlId="165" HierarchyLvlTypeId="7" Intrnl_Id="386" Name="getBoardArray">
<Header>
<Loc EndOffset="396" SrcFileId="3" StartOffset="365"/>
</Header>
<LocList>
<Loc EndOffset="424" SrcFileId="3" StartOffset="365"/>
</LocList>
<StmntSeq Intrnl_Id="387">
<LocList>
<Loc EndOffset="420" SrcFileId="3" StartOffset="402"/>
</LocList>
<BasicStmnt CovItemId="S3" CovItemPrefix="game.BoardState.java" Intrnl_Id="388">
<LocList>
<Loc EndOffset="420" SrcFileId="3" StartOffset="402"/>
</LocList>
</BasicStmnt>
</StmntSeq>
</HierarchyLvl>
<HierarchyLvl HierarchyLvlId="166" HierarchyLvlTypeId="7" Intrnl_Id="389" Name="setBoardArray">
<Header>
<Loc EndOffset="475" SrcFileId="3" StartOffset="429"/>
</Header>
<LocList>
<Loc EndOffset="514" SrcFileId="3" StartOffset="429"/>
</LocList>
<StmntSeq Intrnl_Id="390">
<LocList>
<Loc EndOffset="510" SrcFileId="3" StartOffset="481"/>
</LocList>
<BasicStmnt CovItemId="S4" CovItemPrefix="game.BoardState.java" Intrnl_Id="391">
<LocList>
<Loc EndOffset="510" SrcFileId="3" StartOffset="481"/>
</LocList>
</BasicStmnt>
</StmntSeq>
</HierarchyLvl>
<HierarchyLvl HierarchyLvlId="167" HierarchyLvlTypeId="7" Intrnl_Id="392" Name="getTurnNumber">
<Header>
<Loc EndOffset="545" SrcFileId="3" StartOffset="519"/>
</Header>
<LocList>
<Loc EndOffset="573" SrcFileId="3" StartOffset="519"/>
</LocList>
<StmntSeq Intrnl_Id="393">
<LocList>
<Loc EndOffset="569" SrcFileId="3" StartOffset="551"/>
</LocList>
<BasicStmnt CovItemId="S5" CovItemPrefix="game.BoardState.java" Intrnl_Id="394">
<LocList>
<Loc EndOffset="569" SrcFileId="3" StartOffset="551"/>
</LocList>
</BasicStmnt>
</StmntSeq>
</HierarchyLvl>
<HierarchyLvl HierarchyLvlId="168" HierarchyLvlTypeId="7" Intrnl_Id="395" Name="setTurnNumber">
<Header>
<Loc EndOffset="619" SrcFileId="3" StartOffset="578"/>
</Header>
<LocList>
<Loc EndOffset="658" SrcFileId="3" StartOffset="578"/>
</LocList>
<StmntSeq Intrnl_Id="396">
<LocList>
<Loc EndOffset="654" SrcFileId="3" StartOffset="625"/>
</LocList>
<BasicStmnt CovItemId="S6" CovItemPrefix="game.BoardState.java" Intrnl_Id="397">
<LocList>
<Loc EndOffset="654" SrcFileId="3" StartOffset="625"/>
</LocList>
</BasicStmnt>
</StmntSeq>
</HierarchyLvl>
<HierarchyLvl HierarchyLvlId="169" HierarchyLvlTypeId="7" Intrnl_Id="398" Name="incrementTurn">
<Header>
<Loc EndOffset="691" SrcFileId="3" StartOffset="664"/>
</Header>
<LocList>
<Loc EndOffset="718" SrcFileId="3" StartOffset="664"/>
</LocList>
<StmntSeq Intrnl_Id="399">
<LocList>
<Loc EndOffset="714" SrcFileId="3" StartOffset="696"/>
</LocList>
<BasicStmnt CovItemId="S7" CovItemPrefix="game.BoardState.java" Intrnl_Id="400">
<LocList>
<Loc EndOffset="714" SrcFileId="3" StartOffset="696"/>
</LocList>
</BasicStmnt>
</StmntSeq>
</HierarchyLvl>
<HierarchyLvl HierarchyLvlId="170" HierarchyLvlTypeId="7" Intrnl_Id="401" Name="clone">
<Header>
<Loc EndOffset="746" SrcFileId="3" StartOffset="721"/>
</Header>
<LocList>
<Loc EndOffset="801" SrcFileId="3" StartOffset="721"/>
</LocList>
<StmntSeq Intrnl_Id="402">
<LocList>
<Loc EndOffset="797" SrcFileId="3" StartOffset="751"/>
</LocList>
<BasicStmnt CovItemId="S8" CovItemPrefix="game.BoardState.java" Intrnl_Id="403">
<LocList>
<Loc EndOffset="797" SrcFileId="3" StartOffset="751"/>
</LocList>
</BasicStmnt>
</StmntSeq>
</HierarchyLvl>
</HierarchyLvl>
</HierarchyLvl>
</HierarchyLvl>
</MASTRoot>
<TestSession Comment="" Date="1430412370597" Name="Apr 30, 2015 12:46:10 PM">
<TestCase Comment="This is a test case containing all coverage results cause no startTestCase methods where captured." Date="1430412370149" Name="UNNAMED TESTCASE">
<CovList>
<CovPrefix CovItemPrefix="game.BoardState.java">
<Cov CovItemId="S1" Value="201"/>
<Cov CovItemId="S2" Value="201"/>
<Cov CovItemId="S3" Value="336"/>
<Cov CovItemId="S4" Value="37"/>
<Cov CovItemId="S5" Value="3"/>
<Cov CovItemId="S7" Value="3"/>
<Cov CovItemId="S8" Value="61"/>
</CovPrefix>
<CovPrefix CovItemPrefix="game.Game.java">
<Cov CovItemId="B1" Value="12"/>
<Cov CovItemId="B10" Value="7"/>
<Cov CovItemId="B11" Value="6"/>
<Cov CovItemId="B12" Value="17"/>
<Cov CovItemId="B13" Value="12"/>
<Cov CovItemId="B14" Value="5"/>
<Cov CovItemId="B16" Value="1"/>
<Cov CovItemId="B17" Value="22"/>
<Cov CovItemId="B18" Value="4"/>
<Cov CovItemId="B19" Value="3"/>
<Cov CovItemId="B2" Value="116"/>
<Cov CovItemId="B20" Value="1"/>
<Cov CovItemId="B21" Value="7"/>
<Cov CovItemId="B22" Value="3"/>
<Cov CovItemId="B23" Value="4"/>
<Cov CovItemId="B24" Value="5"/>
<Cov CovItemId="B25" Value="3"/>
<Cov CovItemId="B26" Value="2"/>
<Cov CovItemId="B27" Value="6"/>
<Cov CovItemId="B28" Value="5"/>
<Cov CovItemId="B29" Value="1"/>
<Cov CovItemId="B3" Value="15"/>
<Cov CovItemId="B31" Value="1"/>
<Cov CovItemId="B32" Value="20"/>
<Cov CovItemId="B33" Value="5"/>
<Cov CovItemId="B34" Value="1"/>
<Cov CovItemId="B35" Value="4"/>
<Cov CovItemId="B36" Value="5"/>
<Cov CovItemId="B37" Value="1"/>
<Cov CovItemId="B38" Value="4"/>
<Cov CovItemId="B39" Value="5"/>
<Cov CovItemId="B4" Value="9"/>
<Cov CovItemId="B40" Value="1"/>
<Cov CovItemId="B41" Value="4"/>
<Cov CovItemId="B42" Value="5"/>
<Cov CovItemId="B43" Value="1"/>
<Cov CovItemId="B44" Value="4"/>
<Cov CovItemId="B5" Value="6"/>
<Cov CovItemId="B6" Value="16"/>
<Cov CovItemId="B7" Value="9"/>
<Cov CovItemId="B8" Value="7"/>
<Cov CovItemId="B9" Value="13"/>
<Cov CovItemId="S1" Value="42"/>
<Cov CovItemId="S10" Value="12"/>
<Cov CovItemId="S11" Value="116"/>
<Cov CovItemId="S12" Value="61"/>
<Cov CovItemId="S13" Value="61"/>
<Cov CovItemId="S14" Value="61"/>
<Cov CovItemId="S15" Value="15"/>
<Cov CovItemId="S16" Value="9"/>
<Cov CovItemId="S17" Value="9"/>
<Cov CovItemId="S18" Value="6"/>
<Cov CovItemId="S19" Value="16"/>
<Cov CovItemId="S2" Value="42"/>
<Cov CovItemId="S20" Value="9"/>
<Cov CovItemId="S21" Value="9"/>
<Cov CovItemId="S22" Value="7"/>
<Cov CovItemId="S23" Value="13"/>
<Cov CovItemId="S24" Value="7"/>
<Cov CovItemId="S25" Value="7"/>
<Cov CovItemId="S26" Value="6"/>
<Cov CovItemId="S27" Value="17"/>
<Cov CovItemId="S28" Value="12"/>
<Cov CovItemId="S29" Value="12"/>
<Cov CovItemId="S3" Value="42"/>
<Cov CovItemId="S30" Value="5"/>
<Cov CovItemId="S32" Value="37"/>
<Cov CovItemId="S33" Value="37"/>
<Cov CovItemId="S34" Value="37"/>
<Cov CovItemId="S35" Value="37"/>
<Cov CovItemId="S36" Value="37"/>
<Cov CovItemId="S37" Value="23"/>
<Cov CovItemId="S38" Value="1"/>
<Cov CovItemId="S39" Value="22"/>
<Cov CovItemId="S4" Value="42"/>
<Cov CovItemId="S40" Value="4"/>
<Cov CovItemId="S41" Value="3"/>
<Cov CovItemId="S42" Value="3"/>
<Cov CovItemId="S43" Value="1"/>
<Cov CovItemId="S44" Value="7"/>
<Cov CovItemId="S45" Value="3"/>
<Cov CovItemId="S46" Value="3"/>
<Cov CovItemId="S47" Value="4"/>
<Cov CovItemId="S48" Value="5"/>
<Cov CovItemId="S49" Value="3"/>
<Cov CovItemId="S5" Value="42"/>
<Cov CovItemId="S50" Value="3"/>
<Cov CovItemId="S51" Value="2"/>
<Cov CovItemId="S52" Value="6"/>
<Cov CovItemId="S53" Value="5"/>
<Cov CovItemId="S54" Value="5"/>
<Cov CovItemId="S55" Value="1"/>
<Cov CovItemId="S56" Value="8"/>
<Cov CovItemId="S57" Value="21"/>
<Cov CovItemId="S58" Value="1"/>
<Cov CovItemId="S59" Value="20"/>
<Cov CovItemId="S6" Value="42"/>
<Cov CovItemId="S60" Value="5"/>
<Cov CovItemId="S61" Value="1"/>
<Cov CovItemId="S62" Value="1"/>
<Cov CovItemId="S63" Value="4"/>
<Cov CovItemId="S64" Value="5"/>
<Cov CovItemId="S65" Value="1"/>
<Cov CovItemId="S66" Value="1"/>
<Cov CovItemId="S67" Value="4"/>
<Cov CovItemId="S68" Value="5"/>
<Cov CovItemId="S69" Value="1"/>
<Cov CovItemId="S7" Value="33"/>
<Cov CovItemId="S70" Value="1"/>
<Cov CovItemId="S71" Value="4"/>
<Cov CovItemId="S72" Value="5"/>
<Cov CovItemId="S73" Value="1"/>
<Cov CovItemId="S74" Value="1"/>
<Cov CovItemId="S75" Value="4"/>
<Cov CovItemId="S76" Value="16"/>
<Cov CovItemId="S8" Value="9"/>
<Cov CovItemId="S9" Value="128"/>
</CovPrefix>
<CovPrefix CovItemPrefix="game.Piece.java">
<Cov CovItemId="B1" Value="48"/>
<Cov CovItemId="B10" Value="3"/>
<Cov CovItemId="B12" Value="31"/>
<Cov CovItemId="B14" Value="28"/>
<Cov CovItemId="B16" Value="27"/>
<Cov CovItemId="B17" Value="1"/>
<Cov CovItemId="B2" Value="5"/>
<Cov CovItemId="B3" Value="1"/>
<Cov CovItemId="B4" Value="7"/>
<Cov CovItemId="B5" Value="6"/>
<Cov CovItemId="B6" Value="15"/>
<Cov CovItemId="B7" Value="9"/>
<Cov CovItemId="B8" Value="2"/>
<Cov CovItemId="B9" Value="1"/>
<Cov CovItemId="S1" Value="128"/>
<Cov CovItemId="S10" Value="1"/>
<Cov CovItemId="S11" Value="1"/>
<Cov CovItemId="S12" Value="1"/>
<Cov CovItemId="S13" Value="1"/>
<Cov CovItemId="S14" Value="7"/>
<Cov CovItemId="S15" Value="7"/>
<Cov CovItemId="S16" Value="7"/>
<Cov CovItemId="S17" Value="7"/>
<Cov CovItemId="S18" Value="6"/>
<Cov CovItemId="S19" Value="6"/>
<Cov CovItemId="S2" Value="48"/>
<Cov CovItemId="S20" Value="6"/>
<Cov CovItemId="S21" Value="6"/>
<Cov CovItemId="S22" Value="15"/>
<Cov CovItemId="S23" Value="15"/>
<Cov CovItemId="S24" Value="15"/>
<Cov CovItemId="S25" Value="15"/>
<Cov CovItemId="S26" Value="9"/>
<Cov CovItemId="S27" Value="9"/>
<Cov CovItemId="S28" Value="9"/>
<Cov CovItemId="S29" Value="9"/>
<Cov CovItemId="S3" Value="48"/>
<Cov CovItemId="S30" Value="2"/>
<Cov CovItemId="S31" Value="2"/>
<Cov CovItemId="S32" Value="2"/>
<Cov CovItemId="S33" Value="2"/>
<Cov CovItemId="S34" Value="1"/>
<Cov CovItemId="S35" Value="1"/>
<Cov CovItemId="S36" Value="1"/>
<Cov CovItemId="S37" Value="1"/>
<Cov CovItemId="S38" Value="3"/>
<Cov CovItemId="S39" Value="3"/>
<Cov CovItemId="S4" Value="48"/>
<Cov CovItemId="S40" Value="3"/>
<Cov CovItemId="S41" Value="3"/>
<Cov CovItemId="S46" Value="31"/>
<Cov CovItemId="S47" Value="31"/>
<Cov CovItemId="S48" Value="31"/>
<Cov CovItemId="S49" Value="31"/>
<Cov CovItemId="S5" Value="48"/>
<Cov CovItemId="S51" Value="37"/>
<Cov CovItemId="S52" Value="37"/>
<Cov CovItemId="S53" Value="37"/>
<Cov CovItemId="S54" Value="59"/>
<Cov CovItemId="S55" Value="1"/>
<Cov CovItemId="S56" Value="3"/>
<Cov CovItemId="S57" Value="1"/>
<Cov CovItemId="S58" Value="89"/>
<Cov CovItemId="S59" Value="1"/>
<Cov CovItemId="S6" Value="5"/>
<Cov CovItemId="S60" Value="14"/>
<Cov CovItemId="S62" Value="28"/>
<Cov CovItemId="S63" Value="28"/>
<Cov CovItemId="S64" Value="27"/>
<Cov CovItemId="S65" Value="1"/>
<Cov CovItemId="S66" Value="6"/>
<Cov CovItemId="S7" Value="5"/>
<Cov CovItemId="S8" Value="5"/>
<Cov CovItemId="S9" Value="5"/>
</CovPrefix>
</CovList>
<AssgnmntList>
<AssgnmntPrefix RootTermCovItemPrefix="game.Game.java">
<AssgnmntListEntry Length="1" RootTermCovItemId="C1">
<MapEntry BoolAssgnmnt="0" Value="116"/>
<MapEntry BoolAssgnmnt="1" Value="12"/>
</AssgnmntListEntry>
<AssgnmntListEntry Length="1" RootTermCovItemId="C10">
<MapEntry BoolAssgnmnt="0" Value="1"/>
<MapEntry BoolAssgnmnt="1" Value="5"/>
</AssgnmntListEntry>
<AssgnmntListEntry Length="1" RootTermCovItemId="C11">
<MapEntry BoolAssgnmnt="0" Value="20"/>
<MapEntry BoolAssgnmnt="1" Value="1"/>
</AssgnmntListEntry>
<AssgnmntListEntry Length="3" RootTermCovItemId="C12">
<MapEntry BoolAssgnmnt="022" Value="1"/>
<MapEntry BoolAssgnmnt="102" Value="1"/>
<MapEntry BoolAssgnmnt="110" Value="2"/>
<MapEntry BoolAssgnmnt="111" Value="1"/>
</AssgnmntListEntry>
<AssgnmntListEntry Length="3" RootTermCovItemId="C13">
<MapEntry BoolAssgnmnt="022" Value="1"/>
<MapEntry BoolAssgnmnt="102" Value="1"/>
<MapEntry BoolAssgnmnt="110" Value="2"/>
<MapEntry BoolAssgnmnt="111" Value="1"/>
</AssgnmntListEntry>
<AssgnmntListEntry Length="3" RootTermCovItemId="C14">
<MapEntry BoolAssgnmnt="022" Value="1"/>
<MapEntry BoolAssgnmnt="102" Value="1"/>
<MapEntry BoolAssgnmnt="110" Value="2"/>
<MapEntry BoolAssgnmnt="111" Value="1"/>
</AssgnmntListEntry>
<AssgnmntListEntry Length="3" RootTermCovItemId="C15">
<MapEntry BoolAssgnmnt="022" Value="1"/>
<MapEntry BoolAssgnmnt="102" Value="1"/>
<MapEntry BoolAssgnmnt="110" Value="2"/>
<MapEntry BoolAssgnmnt="111" Value="1"/>
</AssgnmntListEntry>
<AssgnmntListEntry Length="2" RootTermCovItemId="C2">
<MapEntry BoolAssgnmnt="02" Value="3"/>
<MapEntry BoolAssgnmnt="10" Value="3"/>
<MapEntry BoolAssgnmnt="11" Value="9"/>
</AssgnmntListEntry>
<AssgnmntListEntry Length="2" RootTermCovItemId="C3">
<MapEntry BoolAssgnmnt="02" Value="4"/>
<MapEntry BoolAssgnmnt="10" Value="3"/>
<MapEntry BoolAssgnmnt="11" Value="9"/>
</AssgnmntListEntry>
<AssgnmntListEntry Length="2" RootTermCovItemId="C4">
<MapEntry BoolAssgnmnt="02" Value="4"/>
<MapEntry BoolAssgnmnt="10" Value="2"/>
<MapEntry BoolAssgnmnt="11" Value="7"/>
</AssgnmntListEntry>
<AssgnmntListEntry Length="2" RootTermCovItemId="C5">
<MapEntry BoolAssgnmnt="02" Value="3"/>
<MapEntry BoolAssgnmnt="10" Value="2"/>
<MapEntry BoolAssgnmnt="11" Value="12"/>
</AssgnmntListEntry>
<AssgnmntListEntry Length="1" RootTermCovItemId="C6">
<MapEntry BoolAssgnmnt="0" Value="22"/>
<MapEntry BoolAssgnmnt="1" Value="1"/>
</AssgnmntListEntry>
<AssgnmntListEntry Length="1" RootTermCovItemId="C7">
<MapEntry BoolAssgnmnt="0" Value="1"/>
<MapEntry BoolAssgnmnt="1" Value="3"/>
</AssgnmntListEntry>
<AssgnmntListEntry Length="1" RootTermCovItemId="C8">
<MapEntry BoolAssgnmnt="0" Value="4"/>
<MapEntry BoolAssgnmnt="1" Value="3"/>
</AssgnmntListEntry>
<AssgnmntListEntry Length="1" RootTermCovItemId="C9">
<MapEntry BoolAssgnmnt="0" Value="2"/>
<MapEntry BoolAssgnmnt="1" Value="3"/>
</AssgnmntListEntry>
</AssgnmntPrefix>
<AssgnmntPrefix RootTermCovItemPrefix="game.Piece.java">
<AssgnmntListEntry Length="1" RootTermCovItemId="C1">
<MapEntry BoolAssgnmnt="1" Value="28"/>
</AssgnmntListEntry>
<AssgnmntListEntry Length="2" RootTermCovItemId="C2">
<MapEntry BoolAssgnmnt="10" Value="1"/>
<MapEntry BoolAssgnmnt="11" Value="27"/>
</AssgnmntListEntry>
</AssgnmntPrefix>
</AssgnmntList>
<ObjMetaDataList/>
<MetaDataList/>
</TestCase>
<MetaDataList/>
</TestSession>
<TestSession Comment="" Date="1430412390535" Name="Apr 30, 2015 12:46:30 PM">
<TestCase Comment="This is a test case containing all coverage results cause no startTestCase methods where captured." Date="1430412390319" Name="UNNAMED TESTCASE">
<CovList>
<CovPrefix CovItemPrefix="game.BoardState.java">
<Cov CovItemId="S1" Value="201"/>
<Cov CovItemId="S2" Value="201"/>
<Cov CovItemId="S3" Value="336"/>
<Cov CovItemId="S4" Value="37"/>
<Cov CovItemId="S5" Value="3"/>
<Cov CovItemId="S7" Value="3"/>
<Cov CovItemId="S8" Value="61"/>
</CovPrefix>
<CovPrefix CovItemPrefix="game.Game.java">
<Cov CovItemId="B1" Value="12"/>
<Cov CovItemId="B10" Value="7"/>
<Cov CovItemId="B11" Value="6"/>
<Cov CovItemId="B12" Value="17"/>
<Cov CovItemId="B13" Value="12"/>
<Cov CovItemId="B14" Value="5"/>
<Cov CovItemId="B16" Value="1"/>
<Cov CovItemId="B17" Value="22"/>
<Cov CovItemId="B18" Value="4"/>
<Cov CovItemId="B19" Value="3"/>
<Cov CovItemId="B2" Value="116"/>
<Cov CovItemId="B20" Value="1"/>
<Cov CovItemId="B21" Value="7"/>
<Cov CovItemId="B22" Value="3"/>
<Cov CovItemId="B23" Value="4"/>
<Cov CovItemId="B24" Value="5"/>
<Cov CovItemId="B25" Value="3"/>
<Cov CovItemId="B26" Value="2"/>
<Cov CovItemId="B27" Value="6"/>
<Cov CovItemId="B28" Value="5"/>
<Cov CovItemId="B29" Value="1"/>
<Cov CovItemId="B3" Value="15"/>
<Cov CovItemId="B31" Value="1"/>
<Cov CovItemId="B32" Value="20"/>
<Cov CovItemId="B33" Value="5"/>
<Cov CovItemId="B34" Value="1"/>
<Cov CovItemId="B35" Value="4"/>
<Cov CovItemId="B36" Value="5"/>
<Cov CovItemId="B37" Value="1"/>
<Cov CovItemId="B38" Value="4"/>
<Cov CovItemId="B39" Value="5"/>
<Cov CovItemId="B4" Value="9"/>
<Cov CovItemId="B40" Value="1"/>
<Cov CovItemId="B41" Value="4"/>
<Cov CovItemId="B42" Value="5"/>
<Cov CovItemId="B43" Value="1"/>
<Cov CovItemId="B44" Value="4"/>
<Cov CovItemId="B5" Value="6"/>
<Cov CovItemId="B6" Value="16"/>
<Cov CovItemId="B7" Value="9"/>
<Cov CovItemId="B8" Value="7"/>
<Cov CovItemId="B9" Value="13"/>
<Cov CovItemId="S1" Value="42"/>
<Cov CovItemId="S10" Value="12"/>
<Cov CovItemId="S11" Value="116"/>
<Cov CovItemId="S12" Value="61"/>
<Cov CovItemId="S13" Value="61"/>
<Cov CovItemId="S14" Value="61"/>
<Cov CovItemId="S15" Value="15"/>
<Cov CovItemId="S16" Value="9"/>
<Cov CovItemId="S17" Value="9"/>
<Cov CovItemId="S18" Value="6"/>
<Cov CovItemId="S19" Value="16"/>
<Cov CovItemId="S2" Value="42"/>
<Cov CovItemId="S20" Value="9"/>
<Cov CovItemId="S21" Value="9"/>
<Cov CovItemId="S22" Value="7"/>
<Cov CovItemId="S23" Value="13"/>
<Cov CovItemId="S24" Value="7"/>
<Cov CovItemId="S25" Value="7"/>
<Cov CovItemId="S26" Value="6"/>
<Cov CovItemId="S27" Value="17"/>
<Cov CovItemId="S28" Value="12"/>
<Cov CovItemId="S29" Value="12"/>
<Cov CovItemId="S3" Value="42"/>
<Cov CovItemId="S30" Value="5"/>
<Cov CovItemId="S32" Value="37"/>
<Cov CovItemId="S33" Value="37"/>
<Cov CovItemId="S34" Value="37"/>
<Cov CovItemId="S35" Value="37"/>
<Cov CovItemId="S36" Value="37"/>
<Cov CovItemId="S37" Value="23"/>
<Cov CovItemId="S38" Value="1"/>
<Cov CovItemId="S39" Value="22"/>
<Cov CovItemId="S4" Value="42"/>
<Cov CovItemId="S40" Value="4"/>
<Cov CovItemId="S41" Value="3"/>
<Cov CovItemId="S42" Value="3"/>
<Cov CovItemId="S43" Value="1"/>
<Cov CovItemId="S44" Value="7"/>
<Cov CovItemId="S45" Value="3"/>
<Cov CovItemId="S46" Value="3"/>
<Cov CovItemId="S47" Value="4"/>
<Cov CovItemId="S48" Value="5"/>
<Cov CovItemId="S49" Value="3"/>
<Cov CovItemId="S5" Value="42"/>
<Cov CovItemId="S50" Value="3"/>
<Cov CovItemId="S51" Value="2"/>
<Cov CovItemId="S52" Value="6"/>
<Cov CovItemId="S53" Value="5"/>
<Cov CovItemId="S54" Value="5"/>
<Cov CovItemId="S55" Value="1"/>
<Cov CovItemId="S56" Value="8"/>
<Cov CovItemId="S57" Value="21"/>
<Cov CovItemId="S58" Value="1"/>
<Cov CovItemId="S59" Value="20"/>
<Cov CovItemId="S6" Value="42"/>
<Cov CovItemId="S60" Value="5"/>
<Cov CovItemId="S61" Value="1"/>
<Cov CovItemId="S62" Value="1"/>
<Cov CovItemId="S63" Value="4"/>
<Cov CovItemId="S64" Value="5"/>
<Cov CovItemId="S65" Value="1"/>
<Cov CovItemId="S66" Value="1"/>
<Cov CovItemId="S67" Value="4"/>
<Cov CovItemId="S68" Value="5"/>
<Cov CovItemId="S69" Value="1"/>
<Cov CovItemId="S7" Value="33"/>
<Cov CovItemId="S70" Value="1"/>
<Cov CovItemId="S71" Value="4"/>
<Cov CovItemId="S72" Value="5"/>
<Cov CovItemId="S73" Value="1"/>
<Cov CovItemId="S74" Value="1"/>
<Cov CovItemId="S75" Value="4"/>
<Cov CovItemId="S76" Value="16"/>
<Cov CovItemId="S8" Value="9"/>
<Cov CovItemId="S9" Value="128"/>
</CovPrefix>
<CovPrefix CovItemPrefix="game.Piece.java">
<Cov CovItemId="B1" Value="48"/>
<Cov CovItemId="B10" Value="3"/>
<Cov CovItemId="B12" Value="31"/>
<Cov CovItemId="B14" Value="28"/>
<Cov CovItemId="B16" Value="27"/>
<Cov CovItemId="B17" Value="1"/>
<Cov CovItemId="B2" Value="5"/>
<Cov CovItemId="B3" Value="1"/>
<Cov CovItemId="B4" Value="7"/>
<Cov CovItemId="B5" Value="6"/>
<Cov CovItemId="B6" Value="15"/>
<Cov CovItemId="B7" Value="9"/>
<Cov CovItemId="B8" Value="2"/>
<Cov CovItemId="B9" Value="1"/>
<Cov CovItemId="S1" Value="128"/>
<Cov CovItemId="S10" Value="1"/>
<Cov CovItemId="S11" Value="1"/>
<Cov CovItemId="S12" Value="1"/>
<Cov CovItemId="S13" Value="1"/>
<Cov CovItemId="S14" Value="7"/>
<Cov CovItemId="S15" Value="7"/>
<Cov CovItemId="S16" Value="7"/>
<Cov CovItemId="S17" Value="7"/>
<Cov CovItemId="S18" Value="6"/>
<Cov CovItemId="S19" Value="6"/>
<Cov CovItemId="S2" Value="48"/>
<Cov CovItemId="S20" Value="6"/>
<Cov CovItemId="S21" Value="6"/>
<Cov CovItemId="S22" Value="15"/>
<Cov CovItemId="S23" Value="15"/>
<Cov CovItemId="S24" Value="15"/>
<Cov CovItemId="S25" Value="15"/>
<Cov CovItemId="S26" Value="9"/>
<Cov CovItemId="S27" Value="9"/>
<Cov CovItemId="S28" Value="9"/>
<Cov CovItemId="S29" Value="9"/>
<Cov CovItemId="S3" Value="48"/>
<Cov CovItemId="S30" Value="2"/>
<Cov CovItemId="S31" Value="2"/>
<Cov CovItemId="S32" Value="2"/>
<Cov CovItemId="S33" Value="2"/>
<Cov CovItemId="S34" Value="1"/>
<Cov CovItemId="S35" Value="1"/>
<Cov CovItemId="S36" Value="1"/>
<Cov CovItemId="S37" Value="1"/>
<Cov CovItemId="S38" Value="3"/>
<Cov CovItemId="S39" Value="3"/>
<Cov CovItemId="S4" Value="48"/>
<Cov CovItemId="S40" Value="3"/>
<Cov CovItemId="S41" Value="3"/>
<Cov CovItemId="S46" Value="31"/>
<Cov CovItemId="S47" Value="31"/>
<Cov CovItemId="S48" Value="31"/>
<Cov CovItemId="S49" Value="31"/>
<Cov CovItemId="S5" Value="48"/>
<Cov CovItemId="S51" Value="37"/>
<Cov CovItemId="S52" Value="37"/>
<Cov CovItemId="S53" Value="37"/>
<Cov CovItemId="S54" Value="59"/>
<Cov CovItemId="S55" Value="1"/>
<Cov CovItemId="S56" Value="3"/>
<Cov CovItemId="S57" Value="1"/>
<Cov CovItemId="S58" Value="89"/>
<Cov CovItemId="S59" Value="1"/>
<Cov CovItemId="S6" Value="5"/>
<Cov CovItemId="S60" Value="14"/>
<Cov CovItemId="S62" Value="28"/>
<Cov CovItemId="S63" Value="28"/>
<Cov CovItemId="S64" Value="27"/>
<Cov CovItemId="S65" Value="1"/>
<Cov CovItemId="S66" Value="6"/>
<Cov CovItemId="S7" Value="5"/>
<Cov CovItemId="S8" Value="5"/>
<Cov CovItemId="S9" Value="5"/>
</CovPrefix>
</CovList>
<AssgnmntList>
<AssgnmntPrefix RootTermCovItemPrefix="game.Game.java">
<AssgnmntListEntry Length="1" RootTermCovItemId="C1">
<MapEntry BoolAssgnmnt="0" Value="116"/>
<MapEntry BoolAssgnmnt="1" Value="12"/>
</AssgnmntListEntry>
<AssgnmntListEntry Length="1" RootTermCovItemId="C10">
<MapEntry BoolAssgnmnt="0" Value="1"/>
<MapEntry BoolAssgnmnt="1" Value="5"/>
</AssgnmntListEntry>
<AssgnmntListEntry Length="1" RootTermCovItemId="C11">
<MapEntry BoolAssgnmnt="0" Value="20"/>
<MapEntry BoolAssgnmnt="1" Value="1"/>
</AssgnmntListEntry>
<AssgnmntListEntry Length="3" RootTermCovItemId="C12">
<MapEntry BoolAssgnmnt="022" Value="1"/>
<MapEntry BoolAssgnmnt="102" Value="1"/>
<MapEntry BoolAssgnmnt="110" Value="2"/>
<MapEntry BoolAssgnmnt="111" Value="1"/>
</AssgnmntListEntry>
<AssgnmntListEntry Length="3" RootTermCovItemId="C13">
<MapEntry BoolAssgnmnt="022" Value="1"/>
<MapEntry BoolAssgnmnt="102" Value="1"/>
<MapEntry BoolAssgnmnt="110" Value="2"/>
<MapEntry BoolAssgnmnt="111" Value="1"/>
</AssgnmntListEntry>
<AssgnmntListEntry Length="3" RootTermCovItemId="C14">
<MapEntry BoolAssgnmnt="022" Value="1"/>
<MapEntry BoolAssgnmnt="102" Value="1"/>
<MapEntry BoolAssgnmnt="110" Value="2"/>
<MapEntry BoolAssgnmnt="111" Value="1"/>
</AssgnmntListEntry>
<AssgnmntListEntry Length="3" RootTermCovItemId="C15">
<MapEntry BoolAssgnmnt="022" Value="1"/>
<MapEntry BoolAssgnmnt="102" Value="1"/>
<MapEntry BoolAssgnmnt="110" Value="2"/>
<MapEntry BoolAssgnmnt="111" Value="1"/>
</AssgnmntListEntry>
<AssgnmntListEntry Length="2" RootTermCovItemId="C2">
<MapEntry BoolAssgnmnt="02" Value="3"/>
<MapEntry BoolAssgnmnt="10" Value="3"/>
<MapEntry BoolAssgnmnt="11" Value="9"/>
</AssgnmntListEntry>
<AssgnmntListEntry Length="2" RootTermCovItemId="C3">
<MapEntry BoolAssgnmnt="02" Value="4"/>
<MapEntry BoolAssgnmnt="10" Value="3"/>
<MapEntry BoolAssgnmnt="11" Value="9"/>
</AssgnmntListEntry>
<AssgnmntListEntry Length="2" RootTermCovItemId="C4">
<MapEntry BoolAssgnmnt="02" Value="4"/>
<MapEntry BoolAssgnmnt="10" Value="2"/>
<MapEntry BoolAssgnmnt="11" Value="7"/>
</AssgnmntListEntry>
<AssgnmntListEntry Length="2" RootTermCovItemId="C5">
<MapEntry BoolAssgnmnt="02" Value="3"/>
<MapEntry BoolAssgnmnt="10" Value="2"/>
<MapEntry BoolAssgnmnt="11" Value="12"/>
</AssgnmntListEntry>
<AssgnmntListEntry Length="1" RootTermCovItemId="C6">
<MapEntry BoolAssgnmnt="0" Value="22"/>
<MapEntry BoolAssgnmnt="1" Value="1"/>
</AssgnmntListEntry>
<AssgnmntListEntry Length="1" RootTermCovItemId="C7">
<MapEntry BoolAssgnmnt="0" Value="1"/>
<MapEntry BoolAssgnmnt="1" Value="3"/>
</AssgnmntListEntry>
<AssgnmntListEntry Length="1" RootTermCovItemId="C8">
<MapEntry BoolAssgnmnt="0" Value="4"/>
<MapEntry BoolAssgnmnt="1" Value="3"/>
</AssgnmntListEntry>
<AssgnmntListEntry Length="1" RootTermCovItemId="C9">
<MapEntry BoolAssgnmnt="0" Value="2"/>
<MapEntry BoolAssgnmnt="1" Value="3"/>
</AssgnmntListEntry>
</AssgnmntPrefix>
<AssgnmntPrefix RootTermCovItemPrefix="game.Piece.java">
<AssgnmntListEntry Length="1" RootTermCovItemId="C1">
<MapEntry BoolAssgnmnt="1" Value="28"/>
</AssgnmntListEntry>
<AssgnmntListEntry Length="2" RootTermCovItemId="C2">
<MapEntry BoolAssgnmnt="10" Value="1"/>
<MapEntry BoolAssgnmnt="11" Value="27"/>
</AssgnmntListEntry>
</AssgnmntPrefix>
</AssgnmntList>
<ObjMetaDataList/>
<MetaDataList/>
</TestCase>
<MetaDataList/>
</TestSession>
</TestSessionContainer>
